<?xml version="1.0" encoding="UTF-8"?>
<!-- Generated by org.testng.reporters.JUnitXMLReporter -->
<testsuite ignored="0" hostname="DESKTOP-0ILCENT" failures="1" tests="37" name="ChromeTest1" time="883.579" errors="0" timestamp="2022-11-13T11:00:39 GST">
  <testcase classname="testCases.DashBoardTestCase" name="checkColorHomeBtn" time="1.518"/>
  <testcase classname="testCases.DashBoardTestCase" name="checkEnableBar" time="1.249"/>
  <testcase classname="testCases.DashBoardTestCase" name="checkProfileName" time="1.233"/>
  <testcase classname="testCases.LoginTestcase" name="verifyCheckBox" time="0.016"/>
  <testcase classname="testCases.LoginTestcase" name="verifyLoggedUsers" time="1.866"/>
  <testcase classname="testCases.LoginTestcase" name="verifyLoggedUsers" time="1.228"/>
  <testcase classname="testCases.LoginTestcase" name="verifyLoggedUsers" time="10.554">
    <failure type="org.openqa.selenium.NoSuchElementException" message="no such element: Unable to locate element: {&amp;quot;method&amp;quot;:&amp;quot;xpath&amp;quot;,&amp;quot;selector&amp;quot;:&amp;quot;//a[@data-toggle=&amp;apos;dropdown&amp;apos;]&amp;quot;}
  (Session info: chrome=107.0.5304.107)
For documentation on this error, please visit: https://selenium.dev/exceptions/#no_such_element
Build info: version: &amp;apos;4.4.0&amp;apos;, revision: &amp;apos;e5c75ed026a&amp;apos;
System info: host: &amp;apos;DESKTOP-0ILCENT&amp;apos;, ip: &amp;apos;192.168.100.14&amp;apos;, os.name: &amp;apos;Windows 11&amp;apos;, os.arch: &amp;apos;amd64&amp;apos;, os.version: &amp;apos;10.0&amp;apos;, java.version: &amp;apos;17.0.3&amp;apos;
Driver info: org.openqa.selenium.chrome.ChromeDriver
Command: [82ee9e6c5df26bd4ea2d0cddabd4ad4b, findElement {using=xpath, value=//a[@data-toggle=&amp;apos;dropdown&amp;apos;]}]
Capabilities {acceptInsecureCerts: false, browserName: chrome, browserVersion: 107.0.5304.107, chrome: {chromedriverVersion: 107.0.5304.62 (1eec40d3a576..., userDataDir: C:\Users\sanal\AppData\Loca...}, goog:chromeOptions: {debuggerAddress: localhost:51864}, networkConnectionEnabled: false, pageLoadStrategy: normal, platformName: WINDOWS, proxy: Proxy(), se:cdp: ws://localhost:51864/devtoo..., se:cdpVersion: 107.0.5304.107, setWindowRect: true, strictFileInteractability: false, timeouts: {implicit: 0, pageLoad: 300000, script: 30000}, unhandledPromptBehavior: dismiss and notify, webauthn:extension:credBlob: true, webauthn:extension:largeBlob: true, webauthn:virtualAuthenticators: true}
Session ID: 82ee9e6c5df26bd4ea2d0cddabd4ad4b">
      <![CDATA[org.openqa.selenium.NoSuchElementException: no such element: Unable to locate element: {"method":"xpath","selector":"//a[@data-toggle='dropdown']"}
  (Session info: chrome=107.0.5304.107)
For documentation on this error, please visit: https://selenium.dev/exceptions/#no_such_element
Build info: version: '4.4.0', revision: 'e5c75ed026a'
System info: host: 'DESKTOP-0ILCENT', ip: '192.168.100.14', os.name: 'Windows 11', os.arch: 'amd64', os.version: '10.0', java.version: '17.0.3'
Driver info: org.openqa.selenium.chrome.ChromeDriver
Command: [82ee9e6c5df26bd4ea2d0cddabd4ad4b, findElement {using=xpath, value=//a[@data-toggle='dropdown']}]
Capabilities {acceptInsecureCerts: false, browserName: chrome, browserVersion: 107.0.5304.107, chrome: {chromedriverVersion: 107.0.5304.62 (1eec40d3a576..., userDataDir: C:\Users\sanal\AppData\Loca...}, goog:chromeOptions: {debuggerAddress: localhost:51864}, networkConnectionEnabled: false, pageLoadStrategy: normal, platformName: WINDOWS, proxy: Proxy(), se:cdp: ws://localhost:51864/devtoo..., se:cdpVersion: 107.0.5304.107, setWindowRect: true, strictFileInteractability: false, timeouts: {implicit: 0, pageLoad: 300000, script: 30000}, unhandledPromptBehavior: dismiss and notify, webauthn:extension:credBlob: true, webauthn:extension:largeBlob: true, webauthn:virtualAuthenticators: true}
Session ID: 82ee9e6c5df26bd4ea2d0cddabd4ad4b
at org.openqa.selenium.remote.codec.w3c.W3CHttpResponseCodec.createException(W3CHttpResponseCodec.java:200)
at org.openqa.selenium.remote.codec.w3c.W3CHttpResponseCodec.decode(W3CHttpResponseCodec.java:133)
at org.openqa.selenium.remote.codec.w3c.W3CHttpResponseCodec.decode(W3CHttpResponseCodec.java:53)
at org.openqa.selenium.remote.HttpCommandExecutor.execute(HttpCommandExecutor.java:184)
at org.openqa.selenium.remote.service.DriverCommandExecutor.invokeExecute(DriverCommandExecutor.java:167)
at org.openqa.selenium.remote.service.DriverCommandExecutor.execute(DriverCommandExecutor.java:142)
at org.openqa.selenium.remote.RemoteWebDriver.execute(RemoteWebDriver.java:547)
at org.openqa.selenium.remote.ElementLocation$ElementFinder$2.findElement(ElementLocation.java:162)
at org.openqa.selenium.remote.ElementLocation.findElement(ElementLocation.java:60)
at org.openqa.selenium.remote.RemoteWebDriver.findElement(RemoteWebDriver.java:365)
at org.openqa.selenium.remote.RemoteWebDriver.findElement(RemoteWebDriver.java:357)
at org.openqa.selenium.support.pagefactory.DefaultElementLocator.findElement(DefaultElementLocator.java:70)
at org.openqa.selenium.support.pagefactory.internal.LocatingElementHandler.invoke(LocatingElementHandler.java:39)
at jdk.proxy2/jdk.proxy2.$Proxy18.getText(Unknown Source)
at utilities.GeneralUtilities.getElementText(GeneralUtilities.java:20)
at elementRepository.LoginPage.profileVerification(LoginPage.java:77)
at testCases.LoginTestcase.verifyLoggedUsers(LoginTestcase.java:59)
at java.base/java.util.ArrayList.forEach(ArrayList.java:1511)
... Removed 32 stack frames]]>
    </failure>
  </testcase> <!-- verifyLoggedUsers -->
  <testcase classname="testCases.LoginTestcase" name="verifyLoggedUsers1" time="0.014"/>
  <testcase classname="testCases.MngLocationTestcase" name="chkAddLocation" time="3.249"/>
  <testcase classname="testCases.MngLocationTestcase" name="getBgColor" time="1.586"/>
  <testcase classname="testCases.MngLocationTestcase" name="chkStatus" time="1.57"/>
  <testcase classname="testCases.MngLocationTestcase" name="getDelCharge" time="1.657"/>
  <testcase classname="testCases.MngLocationTestcase" name="chkStateselected" time="5.937"/>
  <testcase classname="testCases.MngLocationTestcase" name="chkDelLocation" time="2.136"/>
  <testcase classname="testCases.MngDelvryBoyTestcase" name="chkBgColor" time="4.639"/>
  <testcase classname="testCases.MngDelvryBoyTestcase" name="chkName" time="1.978"/>
  <testcase classname="testCases.MngDelvryBoyTestcase" name="chkToolTip" time="1.709"/>
  <testcase classname="testCases.MngExpenseTestcase" name="chkCalendar" time="6.415"/>
  <testcase classname="testCases.MngExpenseTestcase" name="chkFileUpload" time="17.649"/>
  <testcase classname="testCases.MngOfferCodeTestcase" name="chkAddOffer" time="15.672"/>
  <testcase classname="testCases.MngOfferCodeTestcase" name="chkupdateOffer" time="3.484"/>
  <testcase classname="testCases.MngOfferCodeTestcase" name="chkDelOffer" time="4.944"/>
  <testcase classname="testCases.MngOfferCodeTestcase" name="chkUrlPage" time="1.269"/>
  <testcase classname="testCases.MngOrdersTestcase" name="chkElementsStatus" time="2.075"/>
  <testcase classname="testCases.MngOrdersTestcase" name="chkElementsStatus" time="2.01"/>
  <testcase classname="testCases.MngOrdersTestcase" name="chkElementsStatus" time="1.988"/>
  <testcase classname="testCases.MngOrdersTestcase" name="chkSrchByPaymentMode" time="3.178"/>
  <testcase classname="testCases.MobSliderTestcase" name="chkImagePresent" time="17.449"/>
  <testcase classname="testCases.MobSliderTestcase" name="chkStatus" time="2.031"/>
  <testcase classname="testCases.MobSliderTestcase" name="chkTitle" time="1.933"/>
  <testcase classname="testCases.MobSliderTestcase" name="chkbgcolor" time="5.015"/>
  <testcase classname="testCases.MobSliderTestcase" name="uploadBigImage" time="23.753"/>
  <testcase classname="testCases.PushNotificationTestcase" name="chkBgColor" time="1.711"/>
  <testcase classname="testCases.PushNotificationTestcase" name="chkMsg" time="2.553"/>
  <testcase classname="testCases.PushNotificationTestcase" name="chkText" time="1.534"/>
  <testcase classname="testCases.AdminUsersTestcase" name="compUserTypes" time="1.724"/>
  <testcase classname="testCases.AdminUsersTestcase" name="validateUniqueUserName" time="2.243"/>
</testsuite> <!-- ChromeTest1 -->
