<!DOCTYPE html PUBLIC "-//W3C//DTD XHTML 1.1//EN" "https://www.w3.org/TR/xhtml11/DTD/xhtml11.dtd">
<html xmlns="https://www.w3.org/1999/xhtml">
<head>
<meta http-equiv="content-type" content="text/html; charset=UTF-8"/>
<title>TestNG Report</title>
<style type="text/css">table {margin-bottom:10px;border-collapse:collapse;empty-cells:show}th,td {border:1px solid #009;padding:.25em .5em}th {vertical-align:bottom}td {vertical-align:top}table a {font-weight:bold}.stripe td {background-color: #E6EBF9}.num {text-align:right}.passedodd td {background-color: #3F3}.passedeven td {background-color: #0A0}.skippedodd td {background-color: #DDD}.skippedeven td {background-color: #CCC}.failedodd td,.attn {background-color: #F33}.failedeven td,.stripe .attn {background-color: #D00}.stacktrace {white-space:pre;font-family:monospace}.totop {font-size:85%;text-align:center;border-bottom:2px solid #000}.invisible {display:none}</style>
</head>
<body>
<table>
<tr><th>Test</th><th># Passed</th><th># Skipped</th><th># Retried</th><th># Failed</th><th>Time (ms)</th><th>Included Groups</th><th>Excluded Groups</th></tr>
<tr><th colspan="8">My Testsuite2</th></tr>
<tr><td><a href="#t0">ChromeTest1</a></td><td class="num">22</td><td class="num">0</td><td class="num">0</td><td class="num attn">6</td><td class="num">548,898</td><td></td><td></td></tr>
</table>
<table id='summary'><thead><tr><th>Class</th><th>Method</th><th>Start</th><th>Time (ms)</th></tr></thead><tbody><tr><th colspan="4">My Testsuite2</th></tr></tbody><tbody id="t0"><tr><th colspan="4">ChromeTest1 &#8212; failed</th></tr><tr class="failedeven"><td rowspan="1">testCases.MngExpenseTestcase</td><td><a href="#m0">chkFileUpload</a></td><td rowspan="1">1667299944464</td><td rowspan="1">31059</td></tr><tr class="failedodd"><td rowspan="2">testCases.MngLocationTestcase</td><td><a href="#m1">chkStateselected</a></td><td rowspan="1">1667299672456</td><td rowspan="1">180173</td></tr><tr class="failedodd"><td><a href="#m2">getBgColor</a></td><td rowspan="1">1667299887292</td><td rowspan="1">2046</td></tr><tr class="failedeven"><td rowspan="1">testCases.MngOfferCodeTestcase</td><td><a href="#m3">chkAddOffer</a></td><td rowspan="1">1667299989195</td><td rowspan="1">7308</td></tr><tr class="failedodd"><td rowspan="1">testCases.MngOrdersTestcase</td><td><a href="#m4">chkElementsStatus</a></td><td rowspan="1">1667300033116</td><td rowspan="1">13139</td></tr><tr class="failedeven"><td rowspan="1">testCases.MobSliderTestcase</td><td><a href="#m5">chkImagePresent</a></td><td rowspan="1">1667300074780</td><td rowspan="1">10034</td></tr><tr><th colspan="4">ChromeTest1 &#8212; passed</th></tr><tr class="passedeven"><td rowspan="3">testCases.DashBoardTestCase</td><td><a href="#m6">checkColorHomeBtn</a></td><td rowspan="1">1667299609178</td><td rowspan="1">1770</td></tr><tr class="passedeven"><td><a href="#m7">checkEnableBar</a></td><td rowspan="1">1667299617513</td><td rowspan="1">4236</td></tr><tr class="passedeven"><td><a href="#m8">checkProfileName</a></td><td rowspan="1">1667299628591</td><td rowspan="1">1624</td></tr><tr class="passedodd"><td rowspan="3">testCases.LoginTestcase</td><td><a href="#m9">verifyCheckBox</a></td><td rowspan="1">1667299638872</td><td rowspan="1">31</td></tr><tr class="passedodd"><td><a href="#m10">verifyLoggedUsers</a></td><td rowspan="1">1667299644944</td><td rowspan="1">2102</td></tr><tr class="passedodd"><td><a href="#m11">verifyLoggedUsers1</a></td><td rowspan="1">1667299665863</td><td rowspan="1">32</td></tr><tr class="passedeven"><td rowspan="3">testCases.MngDelvryBoyTestcase</td><td><a href="#m12">chkBgColor</a></td><td rowspan="1">1667299906219</td><td rowspan="1">5102</td></tr><tr class="passedeven"><td><a href="#m13">chkName</a></td><td rowspan="1">1667299917588</td><td rowspan="1">5414</td></tr><tr class="passedeven"><td><a href="#m14">chkToolTip</a></td><td rowspan="1">1667299929969</td><td rowspan="1">2230</td></tr><tr class="passedodd"><td rowspan="1">testCases.MngExpenseTestcase</td><td><a href="#m15">chkCalendar</a></td><td rowspan="1">1667299938245</td><td rowspan="1">1</td></tr><tr class="passedeven"><td rowspan="2">testCases.MngLocationTestcase</td><td><a href="#m16">chkStatus</a></td><td rowspan="1">1667299874320</td><td rowspan="1">4501</td></tr><tr class="passedeven"><td><a href="#m17">getDelCharge</a></td><td rowspan="1">1667299895514</td><td rowspan="1">1986</td></tr><tr class="passedodd"><td rowspan="1">testCases.MngOfferCodeTestcase</td><td><a href="#m18">chkUrlPage</a></td><td rowspan="1">1667300002916</td><td rowspan="1">1613</td></tr><tr class="passedeven"><td rowspan="3">testCases.MngOrdersTestcase</td><td><a href="#m19">chkElementsStatus</a></td><td rowspan="2">1667300010596</td><td rowspan="2">16337</td></tr><tr class="passedeven"><td><a href="#m20">chkElementsStatus</a></td></tr><tr class="passedeven"><td><a href="#m21">chkSrchByPaymentMode</a></td><td rowspan="1">1667300064387</td><td rowspan="1">4092</td></tr><tr class="passedodd"><td rowspan="3">testCases.MobSliderTestcase</td><td><a href="#m22">chkStatus</a></td><td rowspan="1">1667300091375</td><td rowspan="1">2555</td></tr><tr class="passedodd"><td><a href="#m23">chkTitle</a></td><td rowspan="1">1667300100570</td><td rowspan="1">2646</td></tr><tr class="passedodd"><td><a href="#m24">chkbgcolor</a></td><td rowspan="1">1667300109362</td><td rowspan="1">5646</td></tr><tr class="passedeven"><td rowspan="3">testCases.PushNotificationTestcase</td><td><a href="#m25">chkBgColor</a></td><td rowspan="1">1667300121822</td><td rowspan="1">1981</td></tr><tr class="passedeven"><td><a href="#m26">chkMsg</a></td><td rowspan="1">1667300129854</td><td rowspan="1">4678</td></tr><tr class="passedeven"><td><a href="#m27">chkText</a></td><td rowspan="1">1667300141417</td><td rowspan="1">2023</td></tr></tbody>
</table>
<h2>ChromeTest1</h2><h3 id="m0">testCases.MngExpenseTestcase#chkFileUpload</h3><table class="result"><tr><th>Exception</th></tr><tr><td><div class="stacktrace">java.lang.AssertionError: Displayed text is not as expected expected [ ×
Alert!
Expense Record Updated Successfully] but found [×
Alert!
Expense Record Updated Successfully]
	at testCases.MngExpenseTestcase.chkFileUpload(MngExpenseTestcase.java:67)
	at java.base/java.util.ArrayList.forEach(ArrayList.java:1511)
... Removed 32 stack frames</div></td></tr></table><p class="totop"><a href="#summary">back to summary</a></p>
<h3 id="m1">testCases.MngLocationTestcase#chkStateselected</h3><table class="result"><tr><th>Exception</th></tr><tr><td><div class="stacktrace">org.openqa.selenium.TimeoutException: java.util.concurrent.TimeoutException
Build info: version: &apos;4.4.0&apos;, revision: &apos;e5c75ed026a&apos;
System info: host: &apos;DESKTOP-0ILCENT&apos;, ip: &apos;192.168.100.14&apos;, os.name: &apos;Windows 11&apos;, os.arch: &apos;amd64&apos;, os.version: &apos;10.0&apos;, java.version: &apos;17.0.3&apos;
Driver info: org.openqa.selenium.chrome.ChromeDriver
Command: [316e00a34337369efe51847fab7558b7, clickElement {id=a93854d1-99ca-46ef-a5fc-f81289b6c266}]
Capabilities {acceptInsecureCerts: false, browserName: chrome, browserVersion: 106.0.5249.119, chrome: {chromedriverVersion: 105.0.5195.52 (412c95e51883..., userDataDir: C:\Users\sanal\AppData\Loca...}, goog:chromeOptions: {debuggerAddress: localhost:61132}, networkConnectionEnabled: false, pageLoadStrategy: normal, platformName: WINDOWS, proxy: Proxy(), se:cdp: ws://localhost:61132/devtoo..., se:cdpVersion: 106.0.5249.119, setWindowRect: true, strictFileInteractability: false, timeouts: {implicit: 0, pageLoad: 300000, script: 30000}, unhandledPromptBehavior: dismiss and notify, webauthn:extension:credBlob: true, webauthn:extension:largeBlob: true, webauthn:virtualAuthenticators: true}
Element: [[ChromeDriver: chrome on WINDOWS (316e00a34337369efe51847fab7558b7)] -&gt; xpath: //button[@class=&apos;btn btn-dark btn-block&apos;]]
Session ID: 316e00a34337369efe51847fab7558b7
	at org.openqa.selenium.remote.http.netty.NettyHttpHandler.makeCall(NettyHttpHandler.java:65)
	at org.openqa.selenium.remote.http.AddSeleniumUserAgent.lambda$apply$0(AddSeleniumUserAgent.java:42)
	at org.openqa.selenium.remote.http.Filter.lambda$andFinally$1(Filter.java:56)
	at org.openqa.selenium.remote.http.netty.NettyHttpHandler.execute(NettyHttpHandler.java:49)
	at org.openqa.selenium.remote.http.AddSeleniumUserAgent.lambda$apply$0(AddSeleniumUserAgent.java:42)
	at org.openqa.selenium.remote.http.Filter.lambda$andFinally$1(Filter.java:56)
	at org.openqa.selenium.remote.http.netty.NettyClient.execute(NettyClient.java:98)
	at org.openqa.selenium.remote.HttpCommandExecutor.execute(HttpCommandExecutor.java:181)
	at org.openqa.selenium.remote.service.DriverCommandExecutor.invokeExecute(DriverCommandExecutor.java:167)
	at org.openqa.selenium.remote.service.DriverCommandExecutor.execute(DriverCommandExecutor.java:142)
	at org.openqa.selenium.remote.RemoteWebDriver.execute(RemoteWebDriver.java:547)
	at org.openqa.selenium.remote.RemoteWebElement.execute(RemoteWebElement.java:257)
	at org.openqa.selenium.remote.RemoteWebElement.click(RemoteWebElement.java:78)
	at org.openqa.selenium.support.pagefactory.internal.LocatingElementHandler.invoke(LocatingElementHandler.java:52)
	at jdk.proxy2/jdk.proxy2.$Proxy18.click(Unknown Source)
	at elementRepository.LoginPage.clickSignin(LoginPage.java:66)
	at elementRepository.LoginPage.presteps(LoginPage.java:88)
	at testCases.MngLocationTestcase.chkStateselected(MngLocationTestcase.java:20)
	at java.base/java.util.ArrayList.forEach(ArrayList.java:1511)
Caused by: java.util.concurrent.TimeoutException
	at java.base/java.util.concurrent.CompletableFuture.timedGet(CompletableFuture.java:1960)
	at java.base/java.util.concurrent.CompletableFuture.get(CompletableFuture.java:2095)
	at org.asynchttpclient.netty.NettyResponseFuture.get(NettyResponseFuture.java:206)
	at org.openqa.selenium.remote.http.netty.NettyHttpHandler.makeCall(NettyHttpHandler.java:59)
	... 49 more
... Removed 31 stack frames</div></td></tr></table><p class="totop"><a href="#summary">back to summary</a></p>
<h3 id="m2">testCases.MngLocationTestcase#getBgColor</h3><table class="result"><tr><th>Exception</th></tr><tr><td><div class="stacktrace">java.lang.AssertionError: Displayed text style is not as expected expected [rgba(255, 193, 7, 1)] but found [rgba(40, 167, 69, 1)]
	at testCases.MngLocationTestcase.getBgColor(MngLocationTestcase.java:47)
	at java.base/java.util.ArrayList.forEach(ArrayList.java:1511)
... Removed 32 stack frames</div></td></tr></table><p class="totop"><a href="#summary">back to summary</a></p>
<h3 id="m3">testCases.MngOfferCodeTestcase#chkAddOffer</h3><table class="result"><tr><th>Exception</th></tr><tr><td><div class="stacktrace">org.openqa.selenium.ElementClickInterceptedException: element click intercepted: Element is not clickable at point (334, 955)
  (Session info: chrome=106.0.5249.119)
Build info: version: &apos;4.4.0&apos;, revision: &apos;e5c75ed026a&apos;
System info: host: &apos;DESKTOP-0ILCENT&apos;, ip: &apos;192.168.100.14&apos;, os.name: &apos;Windows 11&apos;, os.arch: &apos;amd64&apos;, os.version: &apos;10.0&apos;, java.version: &apos;17.0.3&apos;
Driver info: org.openqa.selenium.chrome.ChromeDriver
Command: [896119f6c0e21355e85e969be13feb7c, clickElement {id=1ec28273-f34a-4646-822f-dd1b55ee44d6}]
Capabilities {acceptInsecureCerts: false, browserName: chrome, browserVersion: 106.0.5249.119, chrome: {chromedriverVersion: 105.0.5195.52 (412c95e51883..., userDataDir: C:\Users\sanal\AppData\Loca...}, goog:chromeOptions: {debuggerAddress: localhost:61406}, networkConnectionEnabled: false, pageLoadStrategy: normal, platformName: WINDOWS, proxy: Proxy(), se:cdp: ws://localhost:61406/devtoo..., se:cdpVersion: 106.0.5249.119, setWindowRect: true, strictFileInteractability: false, timeouts: {implicit: 0, pageLoad: 300000, script: 30000}, unhandledPromptBehavior: dismiss and notify, webauthn:extension:credBlob: true, webauthn:extension:largeBlob: true, webauthn:virtualAuthenticators: true}
Element: [[ChromeDriver: chrome on WINDOWS (896119f6c0e21355e85e969be13feb7c)] -&gt; xpath: //button[@class=&apos;btn btn-danger&apos;]]
Session ID: 896119f6c0e21355e85e969be13feb7c
	at org.openqa.selenium.remote.codec.w3c.W3CHttpResponseCodec.createException(W3CHttpResponseCodec.java:200)
	at org.openqa.selenium.remote.codec.w3c.W3CHttpResponseCodec.decode(W3CHttpResponseCodec.java:133)
	at org.openqa.selenium.remote.codec.w3c.W3CHttpResponseCodec.decode(W3CHttpResponseCodec.java:53)
	at org.openqa.selenium.remote.HttpCommandExecutor.execute(HttpCommandExecutor.java:184)
	at org.openqa.selenium.remote.service.DriverCommandExecutor.invokeExecute(DriverCommandExecutor.java:167)
	at org.openqa.selenium.remote.service.DriverCommandExecutor.execute(DriverCommandExecutor.java:142)
	at org.openqa.selenium.remote.RemoteWebDriver.execute(RemoteWebDriver.java:547)
	at org.openqa.selenium.remote.RemoteWebElement.execute(RemoteWebElement.java:257)
	at org.openqa.selenium.remote.RemoteWebElement.click(RemoteWebElement.java:78)
	at org.openqa.selenium.support.pagefactory.internal.LocatingElementHandler.invoke(LocatingElementHandler.java:52)
	at jdk.proxy2/jdk.proxy2.$Proxy18.click(Unknown Source)
	at utilities.GeneralUtilities.getClickElement(GeneralUtilities.java:43)
	at elementRepository.MngOfferCodeRepo.addOffer(MngOfferCodeRepo.java:77)
	at testCases.MngOfferCodeTestcase.chkAddOffer(MngOfferCodeTestcase.java:20)
	at java.base/java.util.ArrayList.forEach(ArrayList.java:1511)
... Removed 35 stack frames</div></td></tr></table><p class="totop"><a href="#summary">back to summary</a></p>
<h3 id="m4">testCases.MngOrdersTestcase#chkElementsStatus</h3><table class="result"><tr class="param"><th>Parameter #1</th></tr><tr class="param stripe"><td>Paid2</td></tr><tr><th>Exception</th></tr><tr><td><div class="stacktrace">org.openqa.selenium.NoSuchElementException: Cannot locate option with text: Paid2
For documentation on this error, please visit: https://selenium.dev/exceptions/#no_such_element
Build info: version: &apos;4.4.0&apos;, revision: &apos;e5c75ed026a&apos;
System info: host: &apos;DESKTOP-0ILCENT&apos;, ip: &apos;192.168.100.14&apos;, os.name: &apos;Windows 11&apos;, os.arch: &apos;amd64&apos;, os.version: &apos;10.0&apos;, java.version: &apos;17.0.3&apos;
Driver info: driver.version: unknown
	at org.openqa.selenium.support.ui.Select.selectByVisibleText(Select.java:151)
	at utilities.GeneralUtilities.selectFuncbyVisibletext(GeneralUtilities.java:64)
	at elementRepository.MngOrdersRepo.getSelectedStatus(MngOrdersRepo.java:67)
	at testCases.MngOrdersTestcase.chkElementsStatus(MngOrdersTestcase.java:44)
	at java.base/java.util.ArrayList.forEach(ArrayList.java:1511)
... Removed 27 stack frames</div></td></tr></table><p class="totop"><a href="#summary">back to summary</a></p>
<h3 id="m5">testCases.MobSliderTestcase#chkImagePresent</h3><table class="result"><tr><th>Exception</th></tr><tr><td><div class="stacktrace">org.openqa.selenium.InvalidArgumentException: invalid argument
  (Session info: chrome=106.0.5249.119)
Build info: version: &apos;4.4.0&apos;, revision: &apos;e5c75ed026a&apos;
System info: host: &apos;DESKTOP-0ILCENT&apos;, ip: &apos;192.168.100.14&apos;, os.name: &apos;Windows 11&apos;, os.arch: &apos;amd64&apos;, os.version: &apos;10.0&apos;, java.version: &apos;17.0.3&apos;
Driver info: org.openqa.selenium.chrome.ChromeDriver
Command: [c6258e3fa5cdbed617a8218f8f14993c, clickElement {id=3bb8e50f-9779-41f1-9a10-e93df9e6eb06}]
Capabilities {acceptInsecureCerts: false, browserName: chrome, browserVersion: 106.0.5249.119, chrome: {chromedriverVersion: 105.0.5195.52 (412c95e51883..., userDataDir: C:\Users\sanal\AppData\Loca...}, goog:chromeOptions: {debuggerAddress: localhost:61568}, networkConnectionEnabled: false, pageLoadStrategy: normal, platformName: WINDOWS, proxy: Proxy(), se:cdp: ws://localhost:61568/devtoo..., se:cdpVersion: 106.0.5249.119, setWindowRect: true, strictFileInteractability: false, timeouts: {implicit: 0, pageLoad: 300000, script: 30000}, unhandledPromptBehavior: dismiss and notify, webauthn:extension:credBlob: true, webauthn:extension:largeBlob: true, webauthn:virtualAuthenticators: true}
Element: [[ChromeDriver: chrome on WINDOWS (c6258e3fa5cdbed617a8218f8f14993c)] -&gt; id: main_img]
Session ID: c6258e3fa5cdbed617a8218f8f14993c
	at org.openqa.selenium.remote.codec.w3c.W3CHttpResponseCodec.createException(W3CHttpResponseCodec.java:200)
	at org.openqa.selenium.remote.codec.w3c.W3CHttpResponseCodec.decode(W3CHttpResponseCodec.java:133)
	at org.openqa.selenium.remote.codec.w3c.W3CHttpResponseCodec.decode(W3CHttpResponseCodec.java:53)
	at org.openqa.selenium.remote.HttpCommandExecutor.execute(HttpCommandExecutor.java:184)
	at org.openqa.selenium.remote.service.DriverCommandExecutor.invokeExecute(DriverCommandExecutor.java:167)
	at org.openqa.selenium.remote.service.DriverCommandExecutor.execute(DriverCommandExecutor.java:142)
	at org.openqa.selenium.remote.RemoteWebDriver.execute(RemoteWebDriver.java:547)
	at org.openqa.selenium.remote.RemoteWebElement.execute(RemoteWebElement.java:257)
	at org.openqa.selenium.remote.RemoteWebElement.click(RemoteWebElement.java:78)
	at org.openqa.selenium.support.pagefactory.internal.LocatingElementHandler.invoke(LocatingElementHandler.java:52)
	at jdk.proxy2/jdk.proxy2.$Proxy18.click(Unknown Source)
	at utilities.GeneralUtilities.getClickElement(GeneralUtilities.java:43)
	at elementRepository.MobSliderRepo.verifyImageUpload(MobSliderRepo.java:62)
	at testCases.MobSliderTestcase.chkImagePresent(MobSliderTestcase.java:20)
	at java.base/java.util.ArrayList.forEach(ArrayList.java:1511)
... Removed 35 stack frames</div></td></tr></table><p class="totop"><a href="#summary">back to summary</a></p>
<h3 id="m6">testCases.DashBoardTestCase#checkColorHomeBtn</h3><table class="result"><tr><th class="invisible"/></tr></table><p class="totop"><a href="#summary">back to summary</a></p>
<h3 id="m7">testCases.DashBoardTestCase#checkEnableBar</h3><table class="result"><tr><th class="invisible"/></tr></table><p class="totop"><a href="#summary">back to summary</a></p>
<h3 id="m8">testCases.DashBoardTestCase#checkProfileName</h3><table class="result"><tr><th class="invisible"/></tr></table><p class="totop"><a href="#summary">back to summary</a></p>
<h3 id="m9">testCases.LoginTestcase#verifyCheckBox</h3><table class="result"><tr><th class="invisible"/></tr></table><p class="totop"><a href="#summary">back to summary</a></p>
<h3 id="m10">testCases.LoginTestcase#verifyLoggedUsers</h3><table class="result"><tr><th class="invisible"/></tr></table><p class="totop"><a href="#summary">back to summary</a></p>
<h3 id="m11">testCases.LoginTestcase#verifyLoggedUsers1</h3><table class="result"><tr><th class="invisible"/></tr></table><p class="totop"><a href="#summary">back to summary</a></p>
<h3 id="m12">testCases.MngDelvryBoyTestcase#chkBgColor</h3><table class="result"><tr><th class="invisible"/></tr></table><p class="totop"><a href="#summary">back to summary</a></p>
<h3 id="m13">testCases.MngDelvryBoyTestcase#chkName</h3><table class="result"><tr><th class="invisible"/></tr></table><p class="totop"><a href="#summary">back to summary</a></p>
<h3 id="m14">testCases.MngDelvryBoyTestcase#chkToolTip</h3><table class="result"><tr><th class="invisible"/></tr></table><p class="totop"><a href="#summary">back to summary</a></p>
<h3 id="m15">testCases.MngExpenseTestcase#chkCalendar</h3><table class="result"><tr><th class="invisible"/></tr></table><p class="totop"><a href="#summary">back to summary</a></p>
<h3 id="m16">testCases.MngLocationTestcase#chkStatus</h3><table class="result"><tr><th class="invisible"/></tr></table><p class="totop"><a href="#summary">back to summary</a></p>
<h3 id="m17">testCases.MngLocationTestcase#getDelCharge</h3><table class="result"><tr><th class="invisible"/></tr></table><p class="totop"><a href="#summary">back to summary</a></p>
<h3 id="m18">testCases.MngOfferCodeTestcase#chkUrlPage</h3><table class="result"><tr><th class="invisible"/></tr></table><p class="totop"><a href="#summary">back to summary</a></p>
<h3 id="m19">testCases.MngOrdersTestcase#chkElementsStatus</h3><table class="result"><tr class="param"><th>Parameter #1</th></tr><tr class="param stripe"><td>Select</td></tr></table><p class="totop"><a href="#summary">back to summary</a></p>
<h3 id="m20">testCases.MngOrdersTestcase#chkElementsStatus</h3><table class="result"><tr class="param"><th>Parameter #1</th></tr><tr class="param stripe"><td>Delivered</td></tr></table><p class="totop"><a href="#summary">back to summary</a></p>
<h3 id="m21">testCases.MngOrdersTestcase#chkSrchByPaymentMode</h3><table class="result"><tr><th class="invisible"/></tr></table><p class="totop"><a href="#summary">back to summary</a></p>
<h3 id="m22">testCases.MobSliderTestcase#chkStatus</h3><table class="result"><tr><th class="invisible"/></tr></table><p class="totop"><a href="#summary">back to summary</a></p>
<h3 id="m23">testCases.MobSliderTestcase#chkTitle</h3><table class="result"><tr><th class="invisible"/></tr></table><p class="totop"><a href="#summary">back to summary</a></p>
<h3 id="m24">testCases.MobSliderTestcase#chkbgcolor</h3><table class="result"><tr><th class="invisible"/></tr></table><p class="totop"><a href="#summary">back to summary</a></p>
<h3 id="m25">testCases.PushNotificationTestcase#chkBgColor</h3><table class="result"><tr><th class="invisible"/></tr></table><p class="totop"><a href="#summary">back to summary</a></p>
<h3 id="m26">testCases.PushNotificationTestcase#chkMsg</h3><table class="result"><tr><th class="invisible"/></tr></table><p class="totop"><a href="#summary">back to summary</a></p>
<h3 id="m27">testCases.PushNotificationTestcase#chkText</h3><table class="result"><tr><th class="invisible"/></tr></table><p class="totop"><a href="#summary">back to summary</a></p>
</body>
</html>
