<!DOCTYPE html>

<html>
  <head>
  <meta charset='utf-8'>
  <title>TestNG reports</title>

    <link type="text/css" href="testng-reports1.css" rel="stylesheet" id="ultra" />
    <link type="text/css" href="testng-reports.css" rel="stylesheet" id="retro" disabled="false"/>
    <script type="text/javascript" src="jquery.min.js"></script>
    <script type="text/javascript" src="testng-reports.js"></script>
    <script type="text/javascript" src="https://www.google.com/jsapi"></script>
    <script type='text/javascript'>
      google.load('visualization', '1', {packages:['table']});
      google.setOnLoadCallback(drawTable);
      var suiteTableInitFunctions = new Array();
      var suiteTableData = new Array();
    </script>
    <!--
      <script type="text/javascript" src="jquery-ui/js/jquery-ui-1.8.16.custom.min.js"></script>
     -->
  </head>

  <body>
    <div class="top-banner-root">
      <span class="top-banner-title-font">Test results</span>
      <button id="button" class="button">Switch Retro Theme</button> <!-- button -->
      <br/>
      <span class="top-banner-font-1">1 suite, 5 failed tests</span>
    </div> <!-- top-banner-root -->
    <div class="navigator-root">
      <div class="navigator-suite-header">
        <span>All suites</span>
        <a href="#" title="Collapse/expand all the suites" class="collapse-all-link">
          <img src="collapseall.gif" class="collapse-all-icon">
          </img> <!-- collapse-all-icon -->
        </a> <!-- collapse-all-link -->
      </div> <!-- navigator-suite-header -->
      <div class="suite">
        <div class="rounded-window">
          <div class="suite-header light-rounded-window-top">
            <a href="#" panel-name="suite-My_Testsuite2" class="navigator-link">
              <span class="suite-name border-failed">My Testsuite2</span>
            </a> <!-- navigator-link -->
          </div> <!-- suite-header light-rounded-window-top -->
          <div class="navigator-suite-content">
            <div class="suite-section-title">
              <span>Info</span>
            </div> <!-- suite-section-title -->
            <div class="suite-section-content">
              <ul>
                <li>
                  <a href="#" panel-name="test-xml-My_Testsuite2" class="navigator-link ">
                    <span>C:\Users\sanal\eclipse-workspace\GroceryRepository-main.zip_expanded\GroceryRepository-main\GroceryStoreTestSuite.xml</span>
                  </a> <!-- navigator-link  -->
                </li>
                <li>
                  <a href="#" panel-name="testlist-My_Testsuite2" class="navigator-link ">
                    <span class="test-stats">1 test</span>
                  </a> <!-- navigator-link  -->
                </li>
                <li>
                  <a href="#" panel-name="group-My_Testsuite2" class="navigator-link ">
                    <span>1 group</span>
                  </a> <!-- navigator-link  -->
                </li>
                <li>
                  <a href="#" panel-name="times-My_Testsuite2" class="navigator-link ">
                    <span>Times</span>
                  </a> <!-- navigator-link  -->
                </li>
                <li>
                  <a href="#" panel-name="reporter-My_Testsuite2" class="navigator-link ">
                    <span>Reporter output</span>
                  </a> <!-- navigator-link  -->
                </li>
                <li>
                  <a href="#" panel-name="ignored-methods-My_Testsuite2" class="navigator-link ">
                    <span>Ignored methods</span>
                  </a> <!-- navigator-link  -->
                </li>
                <li>
                  <a href="#" panel-name="chronological-My_Testsuite2" class="navigator-link ">
                    <span>Chronological view</span>
                  </a> <!-- navigator-link  -->
                </li>
              </ul>
            </div> <!-- suite-section-content -->
            <div class="result-section">
              <div class="suite-section-title">
                <span>Results</span>
              </div> <!-- suite-section-title -->
              <div class="suite-section-content">
                <ul>
                  <li>
                    <span class="method-stats">28 methods, 5 failed,  6 skipped,  17 passed</span>
                  </li>
                  <li>
                    <span class="method-list-title failed">Failed methods</span>
                    <span class="show-or-hide-methods failed">
                      <a href="#" panel-name="suite-My_Testsuite2" class="hide-methods failed suite-My_Testsuite2"> (hide)</a> <!-- hide-methods failed suite-My_Testsuite2 -->
                      <a href="#" panel-name="suite-My_Testsuite2" class="show-methods failed suite-My_Testsuite2"> (show)</a> <!-- show-methods failed suite-My_Testsuite2 -->
                    </span>
                    <div class="method-list-content failed suite-My_Testsuite2">
                      <span>
                        <img src="failed.png" width="3%"/>
                        <a href="#" panel-name="suite-My_Testsuite2" title="testCases.MngOfferCodeTestcase" class="method navigator-link" hash-for-method="chkAddOffer">chkAddOffer</a> <!-- method navigator-link -->
                      </span>
                      <br/>
                      <span>
                        <img src="failed.png" width="3%"/>
                        <a href="#" panel-name="suite-My_Testsuite2" title="testCases.MngOrdersTestcase" class="method navigator-link" hash-for-method="chkElementsStatus(Paid2)">chkElementsStatus(Paid2)</a> <!-- method navigator-link -->
                      </span>
                      <br/>
                      <span>
                        <img src="failed.png" width="3%"/>
                        <a href="#" panel-name="suite-My_Testsuite2" title="testCases.MngExpenseTestcase" class="method navigator-link" hash-for-method="chkFileUpload">chkFileUpload</a> <!-- method navigator-link -->
                      </span>
                      <br/>
                      <span>
                        <img src="failed.png" width="3%"/>
                        <a href="#" panel-name="suite-My_Testsuite2" title="testCases.MobSliderTestcase" class="method navigator-link" hash-for-method="chkImagePresent">chkImagePresent</a> <!-- method navigator-link -->
                      </span>
                      <br/>
                      <span>
                        <img src="failed.png" width="3%"/>
                        <a href="#" panel-name="suite-My_Testsuite2" title="testCases.MngLocationTestcase" class="method navigator-link" hash-for-method="getBgColor">getBgColor</a> <!-- method navigator-link -->
                      </span>
                      <br/>
                    </div> <!-- method-list-content failed suite-My_Testsuite2 -->
                  </li>
                  <li>
                    <span class="method-list-title skipped">Skipped methods</span>
                    <span class="show-or-hide-methods skipped">
                      <a href="#" panel-name="suite-My_Testsuite2" class="hide-methods skipped suite-My_Testsuite2"> (hide)</a> <!-- hide-methods skipped suite-My_Testsuite2 -->
                      <a href="#" panel-name="suite-My_Testsuite2" class="show-methods skipped suite-My_Testsuite2"> (show)</a> <!-- show-methods skipped suite-My_Testsuite2 -->
                    </span>
                    <div class="method-list-content skipped suite-My_Testsuite2">
                      <span>
                        <img src="skipped.png" width="3%"/>
                        <a href="#" panel-name="suite-My_Testsuite2" title="testCases.PushNotificationTestcase" class="method navigator-link" hash-for-method="chkBgColor">chkBgColor</a> <!-- method navigator-link -->
                      </span>
                      <br/>
                      <span>
                        <img src="skipped.png" width="3%"/>
                        <a href="#" panel-name="suite-My_Testsuite2" title="testCases.PushNotificationTestcase" class="method navigator-link" hash-for-method="chkMsg">chkMsg</a> <!-- method navigator-link -->
                      </span>
                      <br/>
                      <span>
                        <img src="skipped.png" width="3%"/>
                        <a href="#" panel-name="suite-My_Testsuite2" title="testCases.MobSliderTestcase" class="method navigator-link" hash-for-method="chkStatus">chkStatus</a> <!-- method navigator-link -->
                      </span>
                      <br/>
                      <span>
                        <img src="skipped.png" width="3%"/>
                        <a href="#" panel-name="suite-My_Testsuite2" title="testCases.PushNotificationTestcase" class="method navigator-link" hash-for-method="chkText">chkText</a> <!-- method navigator-link -->
                      </span>
                      <br/>
                      <span>
                        <img src="skipped.png" width="3%"/>
                        <a href="#" panel-name="suite-My_Testsuite2" title="testCases.MobSliderTestcase" class="method navigator-link" hash-for-method="chkTitle">chkTitle</a> <!-- method navigator-link -->
                      </span>
                      <br/>
                      <span>
                        <img src="skipped.png" width="3%"/>
                        <a href="#" panel-name="suite-My_Testsuite2" title="testCases.MobSliderTestcase" class="method navigator-link" hash-for-method="chkbgcolor">chkbgcolor</a> <!-- method navigator-link -->
                      </span>
                      <br/>
                    </div> <!-- method-list-content skipped suite-My_Testsuite2 -->
                  </li>
                  <li>
                    <span class="method-list-title passed">Passed methods</span>
                    <span class="show-or-hide-methods passed">
                      <a href="#" panel-name="suite-My_Testsuite2" class="hide-methods passed suite-My_Testsuite2"> (hide)</a> <!-- hide-methods passed suite-My_Testsuite2 -->
                      <a href="#" panel-name="suite-My_Testsuite2" class="show-methods passed suite-My_Testsuite2"> (show)</a> <!-- show-methods passed suite-My_Testsuite2 -->
                    </span>
                    <div class="method-list-content passed suite-My_Testsuite2">
                      <span>
                        <img src="passed.png" width="3%"/>
                        <a href="#" panel-name="suite-My_Testsuite2" title="testCases.DashBoardTestCase" class="method navigator-link" hash-for-method="checkColorHomeBtn">checkColorHomeBtn</a> <!-- method navigator-link -->
                      </span>
                      <br/>
                      <span>
                        <img src="passed.png" width="3%"/>
                        <a href="#" panel-name="suite-My_Testsuite2" title="testCases.DashBoardTestCase" class="method navigator-link" hash-for-method="checkEnableBar">checkEnableBar</a> <!-- method navigator-link -->
                      </span>
                      <br/>
                      <span>
                        <img src="passed.png" width="3%"/>
                        <a href="#" panel-name="suite-My_Testsuite2" title="testCases.DashBoardTestCase" class="method navigator-link" hash-for-method="checkProfileName">checkProfileName</a> <!-- method navigator-link -->
                      </span>
                      <br/>
                      <span>
                        <img src="passed.png" width="3%"/>
                        <a href="#" panel-name="suite-My_Testsuite2" title="testCases.MngDelvryBoyTestcase" class="method navigator-link" hash-for-method="chkBgColor">chkBgColor</a> <!-- method navigator-link -->
                      </span>
                      <br/>
                      <span>
                        <img src="passed.png" width="3%"/>
                        <a href="#" panel-name="suite-My_Testsuite2" title="testCases.MngExpenseTestcase" class="method navigator-link" hash-for-method="chkCalendar">chkCalendar</a> <!-- method navigator-link -->
                      </span>
                      <br/>
                      <span>
                        <img src="passed.png" width="3%"/>
                        <a href="#" panel-name="suite-My_Testsuite2" title="testCases.MngOrdersTestcase" class="method navigator-link" hash-for-method="chkElementsStatus(Delivered)">chkElementsStatus(Delivered)</a> <!-- method navigator-link -->
                      </span>
                      <br/>
                      <span>
                        <img src="passed.png" width="3%"/>
                        <a href="#" panel-name="suite-My_Testsuite2" title="testCases.MngOrdersTestcase" class="method navigator-link" hash-for-method="chkElementsStatus(Select)">chkElementsStatus(Select)</a> <!-- method navigator-link -->
                      </span>
                      <br/>
                      <span>
                        <img src="passed.png" width="3%"/>
                        <a href="#" panel-name="suite-My_Testsuite2" title="testCases.MngDelvryBoyTestcase" class="method navigator-link" hash-for-method="chkName">chkName</a> <!-- method navigator-link -->
                      </span>
                      <br/>
                      <span>
                        <img src="passed.png" width="3%"/>
                        <a href="#" panel-name="suite-My_Testsuite2" title="testCases.MngOrdersTestcase" class="method navigator-link" hash-for-method="chkSrchByPaymentMode">chkSrchByPaymentMode</a> <!-- method navigator-link -->
                      </span>
                      <br/>
                      <span>
                        <img src="passed.png" width="3%"/>
                        <a href="#" panel-name="suite-My_Testsuite2" title="testCases.MngLocationTestcase" class="method navigator-link" hash-for-method="chkStateselected">chkStateselected</a> <!-- method navigator-link -->
                      </span>
                      <br/>
                      <span>
                        <img src="passed.png" width="3%"/>
                        <a href="#" panel-name="suite-My_Testsuite2" title="testCases.MngLocationTestcase" class="method navigator-link" hash-for-method="chkStatus">chkStatus</a> <!-- method navigator-link -->
                      </span>
                      <br/>
                      <span>
                        <img src="passed.png" width="3%"/>
                        <a href="#" panel-name="suite-My_Testsuite2" title="testCases.MngDelvryBoyTestcase" class="method navigator-link" hash-for-method="chkToolTip">chkToolTip</a> <!-- method navigator-link -->
                      </span>
                      <br/>
                      <span>
                        <img src="passed.png" width="3%"/>
                        <a href="#" panel-name="suite-My_Testsuite2" title="testCases.MngOfferCodeTestcase" class="method navigator-link" hash-for-method="chkUrlPage">chkUrlPage</a> <!-- method navigator-link -->
                      </span>
                      <br/>
                      <span>
                        <img src="passed.png" width="3%"/>
                        <a href="#" panel-name="suite-My_Testsuite2" title="testCases.MngLocationTestcase" class="method navigator-link" hash-for-method="getDelCharge">getDelCharge</a> <!-- method navigator-link -->
                      </span>
                      <br/>
                      <span>
                        <img src="passed.png" width="3%"/>
                        <a href="#" panel-name="suite-My_Testsuite2" title="testCases.LoginTestcase" class="method navigator-link" hash-for-method="verifyCheckBox">verifyCheckBox</a> <!-- method navigator-link -->
                      </span>
                      <br/>
                      <span>
                        <img src="passed.png" width="3%"/>
                        <a href="#" panel-name="suite-My_Testsuite2" title="testCases.LoginTestcase" class="method navigator-link" hash-for-method="verifyLoggedUsers">verifyLoggedUsers</a> <!-- method navigator-link -->
                      </span>
                      <br/>
                      <span>
                        <img src="passed.png" width="3%"/>
                        <a href="#" panel-name="suite-My_Testsuite2" title="testCases.LoginTestcase" class="method navigator-link" hash-for-method="verifyLoggedUsers1">verifyLoggedUsers1</a> <!-- method navigator-link -->
                      </span>
                      <br/>
                    </div> <!-- method-list-content passed suite-My_Testsuite2 -->
                  </li>
                </ul>
              </div> <!-- suite-section-content -->
            </div> <!-- result-section -->
          </div> <!-- navigator-suite-content -->
        </div> <!-- rounded-window -->
      </div> <!-- suite -->
    </div> <!-- navigator-root -->
    <div class="wrapper">
      <div class="main-panel-root">
        <div panel-name="suite-My_Testsuite2" class="panel My_Testsuite2">
          <div class="suite-My_Testsuite2-class-failed">
            <div class="main-panel-header rounded-window-top">
              <img src="failed.png"/>
              <span class="class-name">testCases.MobSliderTestcase</span>
            </div> <!-- main-panel-header rounded-window-top -->
            <div class="main-panel-content rounded-window-bottom">
              <div class="method">
                <div class="method-content">
                  <a name="chkImagePresent">
                  </a> <!-- chkImagePresent -->
                  <span class="method-name">chkImagePresent</span>
                  <div class="stack-trace">org.openqa.selenium.InvalidArgumentException: invalid argument
  (Session info: chrome=107.0.5304.88)
Build info: version: &apos;4.4.0&apos;, revision: &apos;e5c75ed026a&apos;
System info: host: &apos;DESKTOP-0ILCENT&apos;, ip: &apos;192.168.100.14&apos;, os.name: &apos;Windows 11&apos;, os.arch: &apos;amd64&apos;, os.version: &apos;10.0&apos;, java.version: &apos;17.0.3&apos;
Driver info: org.openqa.selenium.chrome.ChromeDriver
Command: [031c607823b52fafdf548c359811b1e0, clickElement {id=4a87cae2-1ee7-4e48-a365-ddf833c67d9e}]
Capabilities {acceptInsecureCerts: false, browserName: chrome, browserVersion: 107.0.5304.88, chrome: {chromedriverVersion: 107.0.5304.62 (1eec40d3a576..., userDataDir: C:\Users\sanal\AppData\Loca...}, goog:chromeOptions: {debuggerAddress: localhost:51800}, networkConnectionEnabled: false, pageLoadStrategy: normal, platformName: WINDOWS, proxy: Proxy(), se:cdp: ws://localhost:51800/devtoo..., se:cdpVersion: 107.0.5304.88, setWindowRect: true, strictFileInteractability: false, timeouts: {implicit: 0, pageLoad: 300000, script: 30000}, unhandledPromptBehavior: dismiss and notify, webauthn:extension:credBlob: true, webauthn:extension:largeBlob: true, webauthn:virtualAuthenticators: true}
Element: [[ChromeDriver: chrome on WINDOWS (031c607823b52fafdf548c359811b1e0)] -&gt; id: main_img]
Session ID: 031c607823b52fafdf548c359811b1e0
	at org.openqa.selenium.remote.codec.w3c.W3CHttpResponseCodec.createException(W3CHttpResponseCodec.java:200)
	at org.openqa.selenium.remote.codec.w3c.W3CHttpResponseCodec.decode(W3CHttpResponseCodec.java:133)
	at org.openqa.selenium.remote.codec.w3c.W3CHttpResponseCodec.decode(W3CHttpResponseCodec.java:53)
	at org.openqa.selenium.remote.HttpCommandExecutor.execute(HttpCommandExecutor.java:184)
	at org.openqa.selenium.remote.service.DriverCommandExecutor.invokeExecute(DriverCommandExecutor.java:167)
	at org.openqa.selenium.remote.service.DriverCommandExecutor.execute(DriverCommandExecutor.java:142)
	at org.openqa.selenium.remote.RemoteWebDriver.execute(RemoteWebDriver.java:547)
	at org.openqa.selenium.remote.RemoteWebElement.execute(RemoteWebElement.java:257)
	at org.openqa.selenium.remote.RemoteWebElement.click(RemoteWebElement.java:78)
	at org.openqa.selenium.support.pagefactory.internal.LocatingElementHandler.invoke(LocatingElementHandler.java:52)
	at jdk.proxy2/jdk.proxy2.$Proxy18.click(Unknown Source)
	at utilities.GeneralUtilities.getClickElement(GeneralUtilities.java:43)
	at elementRepository.MobSliderRepo.verifyImageUpload(MobSliderRepo.java:62)
	at testCases.MobSliderTestcase.chkImagePresent(MobSliderTestcase.java:20)
	at java.base/java.util.ArrayList.forEach(ArrayList.java:1511)
... Removed 35 stack frames
</div> <!-- stack-trace -->
                </div> <!-- method-content -->
              </div> <!-- method -->
            </div> <!-- main-panel-content rounded-window-bottom -->
          </div> <!-- suite-My_Testsuite2-class-failed -->
          <div class="suite-My_Testsuite2-class-failed">
            <div class="main-panel-header rounded-window-top">
              <img src="failed.png"/>
              <span class="class-name">testCases.MngLocationTestcase</span>
            </div> <!-- main-panel-header rounded-window-top -->
            <div class="main-panel-content rounded-window-bottom">
              <div class="method">
                <div class="method-content">
                  <a name="getBgColor">
                  </a> <!-- getBgColor -->
                  <span class="method-name">getBgColor</span>
                  <div class="stack-trace">java.lang.AssertionError: Displayed text style is not as expected expected [rgba(255, 193, 7, 1)] but found [rgba(40, 167, 69, 1)]
	at testCases.MngLocationTestcase.getBgColor(MngLocationTestcase.java:47)
	at java.base/java.util.ArrayList.forEach(ArrayList.java:1511)
... Removed 32 stack frames
</div> <!-- stack-trace -->
                </div> <!-- method-content -->
              </div> <!-- method -->
            </div> <!-- main-panel-content rounded-window-bottom -->
          </div> <!-- suite-My_Testsuite2-class-failed -->
          <div class="suite-My_Testsuite2-class-failed">
            <div class="main-panel-header rounded-window-top">
              <img src="failed.png"/>
              <span class="class-name">testCases.MngOfferCodeTestcase</span>
            </div> <!-- main-panel-header rounded-window-top -->
            <div class="main-panel-content rounded-window-bottom">
              <div class="method">
                <div class="method-content">
                  <a name="chkAddOffer">
                  </a> <!-- chkAddOffer -->
                  <span class="method-name">chkAddOffer</span>
                  <div class="stack-trace">org.openqa.selenium.ElementClickInterceptedException: element click intercepted: Element is not clickable at point (334, 955)
  (Session info: chrome=107.0.5304.88)
Build info: version: &apos;4.4.0&apos;, revision: &apos;e5c75ed026a&apos;
System info: host: &apos;DESKTOP-0ILCENT&apos;, ip: &apos;192.168.100.14&apos;, os.name: &apos;Windows 11&apos;, os.arch: &apos;amd64&apos;, os.version: &apos;10.0&apos;, java.version: &apos;17.0.3&apos;
Driver info: org.openqa.selenium.chrome.ChromeDriver
Command: [6bfaef10ee40d86082d013d941978714, clickElement {id=817ce244-85c7-41a1-9c77-4eb2f40b2faf}]
Capabilities {acceptInsecureCerts: false, browserName: chrome, browserVersion: 107.0.5304.88, chrome: {chromedriverVersion: 107.0.5304.62 (1eec40d3a576..., userDataDir: C:\Users\sanal\AppData\Loca...}, goog:chromeOptions: {debuggerAddress: localhost:51266}, networkConnectionEnabled: false, pageLoadStrategy: normal, platformName: WINDOWS, proxy: Proxy(), se:cdp: ws://localhost:51266/devtoo..., se:cdpVersion: 107.0.5304.88, setWindowRect: true, strictFileInteractability: false, timeouts: {implicit: 0, pageLoad: 300000, script: 30000}, unhandledPromptBehavior: dismiss and notify, webauthn:extension:credBlob: true, webauthn:extension:largeBlob: true, webauthn:virtualAuthenticators: true}
Element: [[ChromeDriver: chrome on WINDOWS (6bfaef10ee40d86082d013d941978714)] -&gt; xpath: //button[@class=&apos;btn btn-danger&apos;]]
Session ID: 6bfaef10ee40d86082d013d941978714
	at org.openqa.selenium.remote.codec.w3c.W3CHttpResponseCodec.createException(W3CHttpResponseCodec.java:200)
	at org.openqa.selenium.remote.codec.w3c.W3CHttpResponseCodec.decode(W3CHttpResponseCodec.java:133)
	at org.openqa.selenium.remote.codec.w3c.W3CHttpResponseCodec.decode(W3CHttpResponseCodec.java:53)
	at org.openqa.selenium.remote.HttpCommandExecutor.execute(HttpCommandExecutor.java:184)
	at org.openqa.selenium.remote.service.DriverCommandExecutor.invokeExecute(DriverCommandExecutor.java:167)
	at org.openqa.selenium.remote.service.DriverCommandExecutor.execute(DriverCommandExecutor.java:142)
	at org.openqa.selenium.remote.RemoteWebDriver.execute(RemoteWebDriver.java:547)
	at org.openqa.selenium.remote.RemoteWebElement.execute(RemoteWebElement.java:257)
	at org.openqa.selenium.remote.RemoteWebElement.click(RemoteWebElement.java:78)
	at org.openqa.selenium.support.pagefactory.internal.LocatingElementHandler.invoke(LocatingElementHandler.java:52)
	at jdk.proxy2/jdk.proxy2.$Proxy18.click(Unknown Source)
	at utilities.GeneralUtilities.getClickElement(GeneralUtilities.java:43)
	at elementRepository.MngOfferCodeRepo.addOffer(MngOfferCodeRepo.java:77)
	at testCases.MngOfferCodeTestcase.chkAddOffer(MngOfferCodeTestcase.java:20)
	at java.base/java.util.ArrayList.forEach(ArrayList.java:1511)
... Removed 35 stack frames
</div> <!-- stack-trace -->
                </div> <!-- method-content -->
              </div> <!-- method -->
            </div> <!-- main-panel-content rounded-window-bottom -->
          </div> <!-- suite-My_Testsuite2-class-failed -->
          <div class="suite-My_Testsuite2-class-failed">
            <div class="main-panel-header rounded-window-top">
              <img src="failed.png"/>
              <span class="class-name">testCases.MngOrdersTestcase</span>
            </div> <!-- main-panel-header rounded-window-top -->
            <div class="main-panel-content rounded-window-bottom">
              <div class="method">
                <div class="method-content">
                  <a name="chkElementsStatus(Paid2)">
                  </a> <!-- chkElementsStatus(Paid2) -->
                  <span class="method-name">chkElementsStatus</span>
                  <span class="parameters">(Paid2)</span>
                  <div class="stack-trace">org.openqa.selenium.NoSuchElementException: Cannot locate option with text: Paid2
For documentation on this error, please visit: https://selenium.dev/exceptions/#no_such_element
Build info: version: &apos;4.4.0&apos;, revision: &apos;e5c75ed026a&apos;
System info: host: &apos;DESKTOP-0ILCENT&apos;, ip: &apos;192.168.100.14&apos;, os.name: &apos;Windows 11&apos;, os.arch: &apos;amd64&apos;, os.version: &apos;10.0&apos;, java.version: &apos;17.0.3&apos;
Driver info: driver.version: unknown
	at org.openqa.selenium.support.ui.Select.selectByVisibleText(Select.java:151)
	at utilities.GeneralUtilities.selectFuncbyVisibletext(GeneralUtilities.java:64)
	at elementRepository.MngOrdersRepo.getSelectedStatus(MngOrdersRepo.java:67)
	at testCases.MngOrdersTestcase.chkElementsStatus(MngOrdersTestcase.java:44)
	at java.base/java.util.ArrayList.forEach(ArrayList.java:1511)
... Removed 27 stack frames
</div> <!-- stack-trace -->
                </div> <!-- method-content -->
              </div> <!-- method -->
            </div> <!-- main-panel-content rounded-window-bottom -->
          </div> <!-- suite-My_Testsuite2-class-failed -->
          <div class="suite-My_Testsuite2-class-failed">
            <div class="main-panel-header rounded-window-top">
              <img src="failed.png"/>
              <span class="class-name">testCases.MngExpenseTestcase</span>
            </div> <!-- main-panel-header rounded-window-top -->
            <div class="main-panel-content rounded-window-bottom">
              <div class="method">
                <div class="method-content">
                  <a name="chkFileUpload">
                  </a> <!-- chkFileUpload -->
                  <span class="method-name">chkFileUpload</span>
                  <div class="stack-trace">java.lang.AssertionError: Displayed text is not as expected expected [ ×
Alert!
Expense Record Updated Successfully] but found [×
Alert!
Expense Record Updated Successfully]
	at testCases.MngExpenseTestcase.chkFileUpload(MngExpenseTestcase.java:67)
	at java.base/java.util.ArrayList.forEach(ArrayList.java:1511)
... Removed 32 stack frames
</div> <!-- stack-trace -->
                </div> <!-- method-content -->
              </div> <!-- method -->
            </div> <!-- main-panel-content rounded-window-bottom -->
          </div> <!-- suite-My_Testsuite2-class-failed -->
          <div class="suite-My_Testsuite2-class-skipped">
            <div class="main-panel-header rounded-window-top">
              <img src="skipped.png"/>
              <span class="class-name">testCases.MobSliderTestcase</span>
            </div> <!-- main-panel-header rounded-window-top -->
            <div class="main-panel-content rounded-window-bottom">
              <div class="method">
                <div class="method-content">
                  <a name="chkStatus">
                  </a> <!-- chkStatus -->
                  <span class="method-name">chkStatus</span>
                  <div class="stack-trace">org.openqa.selenium.NoSuchWindowException: no such window: target window already closed
from unknown error: web view not found
  (Session info: chrome=107.0.5304.88)
Build info: version: &apos;4.4.0&apos;, revision: &apos;e5c75ed026a&apos;
System info: host: &apos;DESKTOP-0ILCENT&apos;, ip: &apos;192.168.100.14&apos;, os.name: &apos;Windows 11&apos;, os.arch: &apos;amd64&apos;, os.version: &apos;10.0&apos;, java.version: &apos;17.0.3&apos;
Driver info: org.openqa.selenium.chrome.ChromeDriver
Command: [75e7f00c0c4be750051dfe4b7d2f846d, maximizeCurrentWindow {}]
Capabilities {acceptInsecureCerts: false, browserName: chrome, browserVersion: 107.0.5304.88, chrome: {chromedriverVersion: 107.0.5304.62 (1eec40d3a576..., userDataDir: C:\Users\sanal\AppData\Loca...}, goog:chromeOptions: {debuggerAddress: localhost:51859}, networkConnectionEnabled: false, pageLoadStrategy: normal, platformName: WINDOWS, proxy: Proxy(), se:cdp: ws://localhost:51859/devtoo..., se:cdpVersion: 107.0.5304.88, setWindowRect: true, strictFileInteractability: false, timeouts: {implicit: 0, pageLoad: 300000, script: 30000}, unhandledPromptBehavior: dismiss and notify, webauthn:extension:credBlob: true, webauthn:extension:largeBlob: true, webauthn:virtualAuthenticators: true}
Session ID: 75e7f00c0c4be750051dfe4b7d2f846d
	at org.openqa.selenium.remote.codec.w3c.W3CHttpResponseCodec.createException(W3CHttpResponseCodec.java:200)
	at org.openqa.selenium.remote.codec.w3c.W3CHttpResponseCodec.decode(W3CHttpResponseCodec.java:133)
	at org.openqa.selenium.remote.codec.w3c.W3CHttpResponseCodec.decode(W3CHttpResponseCodec.java:53)
	at org.openqa.selenium.remote.HttpCommandExecutor.execute(HttpCommandExecutor.java:184)
	at org.openqa.selenium.remote.service.DriverCommandExecutor.invokeExecute(DriverCommandExecutor.java:167)
	at org.openqa.selenium.remote.service.DriverCommandExecutor.execute(DriverCommandExecutor.java:142)
	at org.openqa.selenium.remote.RemoteWebDriver.execute(RemoteWebDriver.java:547)
	at org.openqa.selenium.remote.RemoteWebDriver.execute(RemoteWebDriver.java:602)
	at org.openqa.selenium.remote.RemoteWebDriver.execute(RemoteWebDriver.java:606)
	at org.openqa.selenium.remote.RemoteWebDriver$RemoteWebDriverOptions$RemoteWindow.maximize(RemoteWebDriver.java:1002)
	at testCases.BaseClass.beforemethod(BaseClass.java:51)
	at java.base/java.util.ArrayList.forEach(ArrayList.java:1511)
... Removed 35 stack frames
</div> <!-- stack-trace -->
                </div> <!-- method-content -->
              </div> <!-- method -->
              <div class="method">
                <div class="method-content">
                  <a name="chkTitle">
                  </a> <!-- chkTitle -->
                  <span class="method-name">chkTitle</span>
                  <div class="stack-trace">org.openqa.selenium.NoSuchWindowException: no such window: target window already closed
from unknown error: web view not found
  (Session info: chrome=107.0.5304.88)
Build info: version: &apos;4.4.0&apos;, revision: &apos;e5c75ed026a&apos;
System info: host: &apos;DESKTOP-0ILCENT&apos;, ip: &apos;192.168.100.14&apos;, os.name: &apos;Windows 11&apos;, os.arch: &apos;amd64&apos;, os.version: &apos;10.0&apos;, java.version: &apos;17.0.3&apos;
Driver info: org.openqa.selenium.chrome.ChromeDriver
Command: [490200143f6e9099c944737acd73134b, maximizeCurrentWindow {}]
Capabilities {acceptInsecureCerts: false, browserName: chrome, browserVersion: 107.0.5304.88, chrome: {chromedriverVersion: 107.0.5304.62 (1eec40d3a576..., userDataDir: C:\Users\sanal\AppData\Loca...}, goog:chromeOptions: {debuggerAddress: localhost:51883}, networkConnectionEnabled: false, pageLoadStrategy: normal, platformName: WINDOWS, proxy: Proxy(), se:cdp: ws://localhost:51883/devtoo..., se:cdpVersion: 107.0.5304.88, setWindowRect: true, strictFileInteractability: false, timeouts: {implicit: 0, pageLoad: 300000, script: 30000}, unhandledPromptBehavior: dismiss and notify, webauthn:extension:credBlob: true, webauthn:extension:largeBlob: true, webauthn:virtualAuthenticators: true}
Session ID: 490200143f6e9099c944737acd73134b
	at org.openqa.selenium.remote.codec.w3c.W3CHttpResponseCodec.createException(W3CHttpResponseCodec.java:200)
	at org.openqa.selenium.remote.codec.w3c.W3CHttpResponseCodec.decode(W3CHttpResponseCodec.java:133)
	at org.openqa.selenium.remote.codec.w3c.W3CHttpResponseCodec.decode(W3CHttpResponseCodec.java:53)
	at org.openqa.selenium.remote.HttpCommandExecutor.execute(HttpCommandExecutor.java:184)
	at org.openqa.selenium.remote.service.DriverCommandExecutor.invokeExecute(DriverCommandExecutor.java:167)
	at org.openqa.selenium.remote.service.DriverCommandExecutor.execute(DriverCommandExecutor.java:142)
	at org.openqa.selenium.remote.RemoteWebDriver.execute(RemoteWebDriver.java:547)
	at org.openqa.selenium.remote.RemoteWebDriver.execute(RemoteWebDriver.java:602)
	at org.openqa.selenium.remote.RemoteWebDriver.execute(RemoteWebDriver.java:606)
	at org.openqa.selenium.remote.RemoteWebDriver$RemoteWebDriverOptions$RemoteWindow.maximize(RemoteWebDriver.java:1002)
	at testCases.BaseClass.beforemethod(BaseClass.java:51)
	at java.base/java.util.ArrayList.forEach(ArrayList.java:1511)
... Removed 35 stack frames
</div> <!-- stack-trace -->
                </div> <!-- method-content -->
              </div> <!-- method -->
              <div class="method">
                <div class="method-content">
                  <a name="chkbgcolor">
                  </a> <!-- chkbgcolor -->
                  <span class="method-name">chkbgcolor</span>
                  <div class="stack-trace">org.openqa.selenium.NoSuchWindowException: no such window: target window already closed
from unknown error: web view not found
  (Session info: chrome=107.0.5304.88)
Build info: version: &apos;4.4.0&apos;, revision: &apos;e5c75ed026a&apos;
System info: host: &apos;DESKTOP-0ILCENT&apos;, ip: &apos;192.168.100.14&apos;, os.name: &apos;Windows 11&apos;, os.arch: &apos;amd64&apos;, os.version: &apos;10.0&apos;, java.version: &apos;17.0.3&apos;
Driver info: org.openqa.selenium.chrome.ChromeDriver
Command: [490200143f6e9099c944737acd73134b, maximizeCurrentWindow {}]
Capabilities {acceptInsecureCerts: false, browserName: chrome, browserVersion: 107.0.5304.88, chrome: {chromedriverVersion: 107.0.5304.62 (1eec40d3a576..., userDataDir: C:\Users\sanal\AppData\Loca...}, goog:chromeOptions: {debuggerAddress: localhost:51883}, networkConnectionEnabled: false, pageLoadStrategy: normal, platformName: WINDOWS, proxy: Proxy(), se:cdp: ws://localhost:51883/devtoo..., se:cdpVersion: 107.0.5304.88, setWindowRect: true, strictFileInteractability: false, timeouts: {implicit: 0, pageLoad: 300000, script: 30000}, unhandledPromptBehavior: dismiss and notify, webauthn:extension:credBlob: true, webauthn:extension:largeBlob: true, webauthn:virtualAuthenticators: true}
Session ID: 490200143f6e9099c944737acd73134b
	at org.openqa.selenium.remote.codec.w3c.W3CHttpResponseCodec.createException(W3CHttpResponseCodec.java:200)
	at org.openqa.selenium.remote.codec.w3c.W3CHttpResponseCodec.decode(W3CHttpResponseCodec.java:133)
	at org.openqa.selenium.remote.codec.w3c.W3CHttpResponseCodec.decode(W3CHttpResponseCodec.java:53)
	at org.openqa.selenium.remote.HttpCommandExecutor.execute(HttpCommandExecutor.java:184)
	at org.openqa.selenium.remote.service.DriverCommandExecutor.invokeExecute(DriverCommandExecutor.java:167)
	at org.openqa.selenium.remote.service.DriverCommandExecutor.execute(DriverCommandExecutor.java:142)
	at org.openqa.selenium.remote.RemoteWebDriver.execute(RemoteWebDriver.java:547)
	at org.openqa.selenium.remote.RemoteWebDriver.execute(RemoteWebDriver.java:602)
	at org.openqa.selenium.remote.RemoteWebDriver.execute(RemoteWebDriver.java:606)
	at org.openqa.selenium.remote.RemoteWebDriver$RemoteWebDriverOptions$RemoteWindow.maximize(RemoteWebDriver.java:1002)
	at testCases.BaseClass.beforemethod(BaseClass.java:51)
	at java.base/java.util.ArrayList.forEach(ArrayList.java:1511)
... Removed 35 stack frames
</div> <!-- stack-trace -->
                </div> <!-- method-content -->
              </div> <!-- method -->
            </div> <!-- main-panel-content rounded-window-bottom -->
          </div> <!-- suite-My_Testsuite2-class-skipped -->
          <div class="suite-My_Testsuite2-class-skipped">
            <div class="main-panel-header rounded-window-top">
              <img src="skipped.png"/>
              <span class="class-name">testCases.PushNotificationTestcase</span>
            </div> <!-- main-panel-header rounded-window-top -->
            <div class="main-panel-content rounded-window-bottom">
              <div class="method">
                <div class="method-content">
                  <a name="chkBgColor">
                  </a> <!-- chkBgColor -->
                  <span class="method-name">chkBgColor</span>
                  <div class="stack-trace">org.openqa.selenium.remote.UnreachableBrowserException: Error communicating with the remote browser. It may have died.
Build info: version: &apos;4.4.0&apos;, revision: &apos;e5c75ed026a&apos;
System info: host: &apos;DESKTOP-0ILCENT&apos;, ip: &apos;192.168.100.14&apos;, os.name: &apos;Windows 11&apos;, os.arch: &apos;amd64&apos;, os.version: &apos;10.0&apos;, java.version: &apos;17.0.3&apos;
Driver info: org.openqa.selenium.chrome.ChromeDriver
Command: [ef97bc98964a40a45ce970afb980c661, maximizeCurrentWindow {}]
Capabilities {acceptInsecureCerts: false, browserName: chrome, browserVersion: 107.0.5304.88, chrome: {chromedriverVersion: 107.0.5304.62 (1eec40d3a576..., userDataDir: C:\Users\sanal\AppData\Loca...}, goog:chromeOptions: {debuggerAddress: localhost:51931}, networkConnectionEnabled: false, pageLoadStrategy: normal, platformName: WINDOWS, proxy: Proxy(), se:cdp: ws://localhost:51931/devtoo..., se:cdpVersion: 107.0.5304.88, setWindowRect: true, strictFileInteractability: false, timeouts: {implicit: 0, pageLoad: 300000, script: 30000}, unhandledPromptBehavior: dismiss and notify, webauthn:extension:credBlob: true, webauthn:extension:largeBlob: true, webauthn:virtualAuthenticators: true}
Session ID: ef97bc98964a40a45ce970afb980c661
	at org.openqa.selenium.remote.RemoteWebDriver.execute(RemoteWebDriver.java:571)
	at org.openqa.selenium.remote.RemoteWebDriver.execute(RemoteWebDriver.java:602)
	at org.openqa.selenium.remote.RemoteWebDriver.execute(RemoteWebDriver.java:606)
	at org.openqa.selenium.remote.RemoteWebDriver$RemoteWebDriverOptions$RemoteWindow.maximize(RemoteWebDriver.java:1002)
	at testCases.BaseClass.beforemethod(BaseClass.java:51)
	at java.base/java.util.ArrayList.forEach(ArrayList.java:1511)
Caused by: java.io.UncheckedIOException: java.net.SocketException: Connection reset
	at org.openqa.selenium.remote.http.netty.NettyHttpHandler.makeCall(NettyHttpHandler.java:73)
	at org.openqa.selenium.remote.http.AddSeleniumUserAgent.lambda$apply$0(AddSeleniumUserAgent.java:42)
	at org.openqa.selenium.remote.http.Filter.lambda$andFinally$1(Filter.java:56)
	at org.openqa.selenium.remote.http.netty.NettyHttpHandler.execute(NettyHttpHandler.java:49)
	at org.openqa.selenium.remote.http.AddSeleniumUserAgent.lambda$apply$0(AddSeleniumUserAgent.java:42)
	at org.openqa.selenium.remote.http.Filter.lambda$andFinally$1(Filter.java:56)
	at org.openqa.selenium.remote.http.netty.NettyClient.execute(NettyClient.java:98)
	at org.openqa.selenium.remote.HttpCommandExecutor.execute(HttpCommandExecutor.java:181)
	at org.openqa.selenium.remote.service.DriverCommandExecutor.invokeExecute(DriverCommandExecutor.java:167)
	at org.openqa.selenium.remote.service.DriverCommandExecutor.execute(DriverCommandExecutor.java:142)
	at org.openqa.selenium.remote.RemoteWebDriver.execute(RemoteWebDriver.java:547)
	... 35 more
Caused by: java.net.SocketException: Connection reset
	at java.base/sun.nio.ch.SocketChannelImpl.throwConnectionReset(SocketChannelImpl.java:394)
	at java.base/sun.nio.ch.SocketChannelImpl.read(SocketChannelImpl.java:426)
	at io.netty.buffer.PooledByteBuf.setBytes(PooledByteBuf.java:258)
	at io.netty.buffer.AbstractByteBuf.writeBytes(AbstractByteBuf.java:1132)
	at io.netty.channel.socket.nio.NioSocketChannel.doReadBytes(NioSocketChannel.java:357)
	at io.netty.channel.nio.AbstractNioByteChannel$NioByteUnsafe.read(AbstractNioByteChannel.java:151)
	at io.netty.channel.nio.NioEventLoop.processSelectedKey(NioEventLoop.java:722)
	at io.netty.channel.nio.NioEventLoop.processSelectedKeysOptimized(NioEventLoop.java:658)
	at io.netty.channel.nio.NioEventLoop.processSelectedKeys(NioEventLoop.java:584)
	at io.netty.channel.nio.NioEventLoop.run(NioEventLoop.java:496)
	at io.netty.util.concurrent.SingleThreadEventExecutor$4.run(SingleThreadEventExecutor.java:997)
	at io.netty.util.internal.ThreadExecutorMap$2.run(ThreadExecutorMap.java:74)
	at io.netty.util.concurrent.FastThreadLocalRunnable.run(FastThreadLocalRunnable.java:30)
	at java.base/java.lang.Thread.run(Thread.java:833)
... Removed 30 stack frames
</div> <!-- stack-trace -->
                </div> <!-- method-content -->
              </div> <!-- method -->
              <div class="method">
                <div class="method-content">
                  <a name="chkMsg">
                  </a> <!-- chkMsg -->
                  <span class="method-name">chkMsg</span>
                  <div class="stack-trace">org.openqa.selenium.remote.UnreachableBrowserException: Error communicating with the remote browser. It may have died.
Build info: version: &apos;4.4.0&apos;, revision: &apos;e5c75ed026a&apos;
System info: host: &apos;DESKTOP-0ILCENT&apos;, ip: &apos;192.168.100.14&apos;, os.name: &apos;Windows 11&apos;, os.arch: &apos;amd64&apos;, os.version: &apos;10.0&apos;, java.version: &apos;17.0.3&apos;
Driver info: org.openqa.selenium.chrome.ChromeDriver
Command: [ef97bc98964a40a45ce970afb980c661, maximizeCurrentWindow {}]
Capabilities {acceptInsecureCerts: false, browserName: chrome, browserVersion: 107.0.5304.88, chrome: {chromedriverVersion: 107.0.5304.62 (1eec40d3a576..., userDataDir: C:\Users\sanal\AppData\Loca...}, goog:chromeOptions: {debuggerAddress: localhost:51931}, networkConnectionEnabled: false, pageLoadStrategy: normal, platformName: WINDOWS, proxy: Proxy(), se:cdp: ws://localhost:51931/devtoo..., se:cdpVersion: 107.0.5304.88, setWindowRect: true, strictFileInteractability: false, timeouts: {implicit: 0, pageLoad: 300000, script: 30000}, unhandledPromptBehavior: dismiss and notify, webauthn:extension:credBlob: true, webauthn:extension:largeBlob: true, webauthn:virtualAuthenticators: true}
Session ID: ef97bc98964a40a45ce970afb980c661
	at org.openqa.selenium.remote.RemoteWebDriver.execute(RemoteWebDriver.java:571)
	at org.openqa.selenium.remote.RemoteWebDriver.execute(RemoteWebDriver.java:602)
	at org.openqa.selenium.remote.RemoteWebDriver.execute(RemoteWebDriver.java:606)
	at org.openqa.selenium.remote.RemoteWebDriver$RemoteWebDriverOptions$RemoteWindow.maximize(RemoteWebDriver.java:1002)
	at testCases.BaseClass.beforemethod(BaseClass.java:51)
	at java.base/java.util.ArrayList.forEach(ArrayList.java:1511)
Caused by: java.io.UncheckedIOException: java.net.SocketException: Connection reset
	at org.openqa.selenium.remote.http.netty.NettyHttpHandler.makeCall(NettyHttpHandler.java:73)
	at org.openqa.selenium.remote.http.AddSeleniumUserAgent.lambda$apply$0(AddSeleniumUserAgent.java:42)
	at org.openqa.selenium.remote.http.Filter.lambda$andFinally$1(Filter.java:56)
	at org.openqa.selenium.remote.http.netty.NettyHttpHandler.execute(NettyHttpHandler.java:49)
	at org.openqa.selenium.remote.http.AddSeleniumUserAgent.lambda$apply$0(AddSeleniumUserAgent.java:42)
	at org.openqa.selenium.remote.http.Filter.lambda$andFinally$1(Filter.java:56)
	at org.openqa.selenium.remote.http.netty.NettyClient.execute(NettyClient.java:98)
	at org.openqa.selenium.remote.HttpCommandExecutor.execute(HttpCommandExecutor.java:181)
	at org.openqa.selenium.remote.service.DriverCommandExecutor.invokeExecute(DriverCommandExecutor.java:167)
	at org.openqa.selenium.remote.service.DriverCommandExecutor.execute(DriverCommandExecutor.java:142)
	at org.openqa.selenium.remote.RemoteWebDriver.execute(RemoteWebDriver.java:547)
	... 35 more
Caused by: java.net.SocketException: Connection reset
	at java.base/sun.nio.ch.SocketChannelImpl.throwConnectionReset(SocketChannelImpl.java:394)
	at java.base/sun.nio.ch.SocketChannelImpl.read(SocketChannelImpl.java:426)
	at io.netty.buffer.PooledByteBuf.setBytes(PooledByteBuf.java:258)
	at io.netty.buffer.AbstractByteBuf.writeBytes(AbstractByteBuf.java:1132)
	at io.netty.channel.socket.nio.NioSocketChannel.doReadBytes(NioSocketChannel.java:357)
	at io.netty.channel.nio.AbstractNioByteChannel$NioByteUnsafe.read(AbstractNioByteChannel.java:151)
	at io.netty.channel.nio.NioEventLoop.processSelectedKey(NioEventLoop.java:722)
	at io.netty.channel.nio.NioEventLoop.processSelectedKeysOptimized(NioEventLoop.java:658)
	at io.netty.channel.nio.NioEventLoop.processSelectedKeys(NioEventLoop.java:584)
	at io.netty.channel.nio.NioEventLoop.run(NioEventLoop.java:496)
	at io.netty.util.concurrent.SingleThreadEventExecutor$4.run(SingleThreadEventExecutor.java:997)
	at io.netty.util.internal.ThreadExecutorMap$2.run(ThreadExecutorMap.java:74)
	at io.netty.util.concurrent.FastThreadLocalRunnable.run(FastThreadLocalRunnable.java:30)
	at java.base/java.lang.Thread.run(Thread.java:833)
... Removed 30 stack frames
</div> <!-- stack-trace -->
                </div> <!-- method-content -->
              </div> <!-- method -->
              <div class="method">
                <div class="method-content">
                  <a name="chkText">
                  </a> <!-- chkText -->
                  <span class="method-name">chkText</span>
                  <div class="stack-trace">org.openqa.selenium.remote.UnreachableBrowserException: Error communicating with the remote browser. It may have died.
Build info: version: &apos;4.4.0&apos;, revision: &apos;e5c75ed026a&apos;
System info: host: &apos;DESKTOP-0ILCENT&apos;, ip: &apos;192.168.100.14&apos;, os.name: &apos;Windows 11&apos;, os.arch: &apos;amd64&apos;, os.version: &apos;10.0&apos;, java.version: &apos;17.0.3&apos;
Driver info: org.openqa.selenium.chrome.ChromeDriver
Command: [ef97bc98964a40a45ce970afb980c661, maximizeCurrentWindow {}]
Capabilities {acceptInsecureCerts: false, browserName: chrome, browserVersion: 107.0.5304.88, chrome: {chromedriverVersion: 107.0.5304.62 (1eec40d3a576..., userDataDir: C:\Users\sanal\AppData\Loca...}, goog:chromeOptions: {debuggerAddress: localhost:51931}, networkConnectionEnabled: false, pageLoadStrategy: normal, platformName: WINDOWS, proxy: Proxy(), se:cdp: ws://localhost:51931/devtoo..., se:cdpVersion: 107.0.5304.88, setWindowRect: true, strictFileInteractability: false, timeouts: {implicit: 0, pageLoad: 300000, script: 30000}, unhandledPromptBehavior: dismiss and notify, webauthn:extension:credBlob: true, webauthn:extension:largeBlob: true, webauthn:virtualAuthenticators: true}
Session ID: ef97bc98964a40a45ce970afb980c661
	at org.openqa.selenium.remote.RemoteWebDriver.execute(RemoteWebDriver.java:571)
	at org.openqa.selenium.remote.RemoteWebDriver.execute(RemoteWebDriver.java:602)
	at org.openqa.selenium.remote.RemoteWebDriver.execute(RemoteWebDriver.java:606)
	at org.openqa.selenium.remote.RemoteWebDriver$RemoteWebDriverOptions$RemoteWindow.maximize(RemoteWebDriver.java:1002)
	at testCases.BaseClass.beforemethod(BaseClass.java:51)
	at java.base/java.util.ArrayList.forEach(ArrayList.java:1511)
Caused by: java.io.UncheckedIOException: java.net.SocketException: Connection reset
	at org.openqa.selenium.remote.http.netty.NettyHttpHandler.makeCall(NettyHttpHandler.java:73)
	at org.openqa.selenium.remote.http.AddSeleniumUserAgent.lambda$apply$0(AddSeleniumUserAgent.java:42)
	at org.openqa.selenium.remote.http.Filter.lambda$andFinally$1(Filter.java:56)
	at org.openqa.selenium.remote.http.netty.NettyHttpHandler.execute(NettyHttpHandler.java:49)
	at org.openqa.selenium.remote.http.AddSeleniumUserAgent.lambda$apply$0(AddSeleniumUserAgent.java:42)
	at org.openqa.selenium.remote.http.Filter.lambda$andFinally$1(Filter.java:56)
	at org.openqa.selenium.remote.http.netty.NettyClient.execute(NettyClient.java:98)
	at org.openqa.selenium.remote.HttpCommandExecutor.execute(HttpCommandExecutor.java:181)
	at org.openqa.selenium.remote.service.DriverCommandExecutor.invokeExecute(DriverCommandExecutor.java:167)
	at org.openqa.selenium.remote.service.DriverCommandExecutor.execute(DriverCommandExecutor.java:142)
	at org.openqa.selenium.remote.RemoteWebDriver.execute(RemoteWebDriver.java:547)
	... 35 more
Caused by: java.net.SocketException: Connection reset
	at java.base/sun.nio.ch.SocketChannelImpl.throwConnectionReset(SocketChannelImpl.java:394)
	at java.base/sun.nio.ch.SocketChannelImpl.read(SocketChannelImpl.java:426)
	at io.netty.buffer.PooledByteBuf.setBytes(PooledByteBuf.java:258)
	at io.netty.buffer.AbstractByteBuf.writeBytes(AbstractByteBuf.java:1132)
	at io.netty.channel.socket.nio.NioSocketChannel.doReadBytes(NioSocketChannel.java:357)
	at io.netty.channel.nio.AbstractNioByteChannel$NioByteUnsafe.read(AbstractNioByteChannel.java:151)
	at io.netty.channel.nio.NioEventLoop.processSelectedKey(NioEventLoop.java:722)
	at io.netty.channel.nio.NioEventLoop.processSelectedKeysOptimized(NioEventLoop.java:658)
	at io.netty.channel.nio.NioEventLoop.processSelectedKeys(NioEventLoop.java:584)
	at io.netty.channel.nio.NioEventLoop.run(NioEventLoop.java:496)
	at io.netty.util.concurrent.SingleThreadEventExecutor$4.run(SingleThreadEventExecutor.java:997)
	at io.netty.util.internal.ThreadExecutorMap$2.run(ThreadExecutorMap.java:74)
	at io.netty.util.concurrent.FastThreadLocalRunnable.run(FastThreadLocalRunnable.java:30)
	at java.base/java.lang.Thread.run(Thread.java:833)
... Removed 30 stack frames
</div> <!-- stack-trace -->
                </div> <!-- method-content -->
              </div> <!-- method -->
            </div> <!-- main-panel-content rounded-window-bottom -->
          </div> <!-- suite-My_Testsuite2-class-skipped -->
          <div class="suite-My_Testsuite2-class-passed">
            <div class="main-panel-header rounded-window-top">
              <img src="passed.png"/>
              <span class="class-name">testCases.LoginTestcase</span>
            </div> <!-- main-panel-header rounded-window-top -->
            <div class="main-panel-content rounded-window-bottom">
              <div class="method">
                <div class="method-content">
                  <a name="verifyCheckBox">
                  </a> <!-- verifyCheckBox -->
                  <span class="method-name">verifyCheckBox</span>
                </div> <!-- method-content -->
              </div> <!-- method -->
              <div class="method">
                <div class="method-content">
                  <a name="verifyLoggedUsers">
                  </a> <!-- verifyLoggedUsers -->
                  <span class="method-name">verifyLoggedUsers</span>
                </div> <!-- method-content -->
              </div> <!-- method -->
              <div class="method">
                <div class="method-content">
                  <a name="verifyLoggedUsers1">
                  </a> <!-- verifyLoggedUsers1 -->
                  <span class="method-name">verifyLoggedUsers1</span>
                </div> <!-- method-content -->
              </div> <!-- method -->
            </div> <!-- main-panel-content rounded-window-bottom -->
          </div> <!-- suite-My_Testsuite2-class-passed -->
          <div class="suite-My_Testsuite2-class-passed">
            <div class="main-panel-header rounded-window-top">
              <img src="passed.png"/>
              <span class="class-name">testCases.MngLocationTestcase</span>
            </div> <!-- main-panel-header rounded-window-top -->
            <div class="main-panel-content rounded-window-bottom">
              <div class="method">
                <div class="method-content">
                  <a name="chkStateselected">
                  </a> <!-- chkStateselected -->
                  <span class="method-name">chkStateselected</span>
                </div> <!-- method-content -->
              </div> <!-- method -->
              <div class="method">
                <div class="method-content">
                  <a name="chkStatus">
                  </a> <!-- chkStatus -->
                  <span class="method-name">chkStatus</span>
                </div> <!-- method-content -->
              </div> <!-- method -->
              <div class="method">
                <div class="method-content">
                  <a name="getDelCharge">
                  </a> <!-- getDelCharge -->
                  <span class="method-name">getDelCharge</span>
                </div> <!-- method-content -->
              </div> <!-- method -->
            </div> <!-- main-panel-content rounded-window-bottom -->
          </div> <!-- suite-My_Testsuite2-class-passed -->
          <div class="suite-My_Testsuite2-class-passed">
            <div class="main-panel-header rounded-window-top">
              <img src="passed.png"/>
              <span class="class-name">testCases.DashBoardTestCase</span>
            </div> <!-- main-panel-header rounded-window-top -->
            <div class="main-panel-content rounded-window-bottom">
              <div class="method">
                <div class="method-content">
                  <a name="checkColorHomeBtn">
                  </a> <!-- checkColorHomeBtn -->
                  <span class="method-name">checkColorHomeBtn</span>
                </div> <!-- method-content -->
              </div> <!-- method -->
              <div class="method">
                <div class="method-content">
                  <a name="checkEnableBar">
                  </a> <!-- checkEnableBar -->
                  <span class="method-name">checkEnableBar</span>
                </div> <!-- method-content -->
              </div> <!-- method -->
              <div class="method">
                <div class="method-content">
                  <a name="checkProfileName">
                  </a> <!-- checkProfileName -->
                  <span class="method-name">checkProfileName</span>
                </div> <!-- method-content -->
              </div> <!-- method -->
            </div> <!-- main-panel-content rounded-window-bottom -->
          </div> <!-- suite-My_Testsuite2-class-passed -->
          <div class="suite-My_Testsuite2-class-passed">
            <div class="main-panel-header rounded-window-top">
              <img src="passed.png"/>
              <span class="class-name">testCases.MngOfferCodeTestcase</span>
            </div> <!-- main-panel-header rounded-window-top -->
            <div class="main-panel-content rounded-window-bottom">
              <div class="method">
                <div class="method-content">
                  <a name="chkUrlPage">
                  </a> <!-- chkUrlPage -->
                  <span class="method-name">chkUrlPage</span>
                </div> <!-- method-content -->
              </div> <!-- method -->
            </div> <!-- main-panel-content rounded-window-bottom -->
          </div> <!-- suite-My_Testsuite2-class-passed -->
          <div class="suite-My_Testsuite2-class-passed">
            <div class="main-panel-header rounded-window-top">
              <img src="passed.png"/>
              <span class="class-name">testCases.MngOrdersTestcase</span>
            </div> <!-- main-panel-header rounded-window-top -->
            <div class="main-panel-content rounded-window-bottom">
              <div class="method">
                <div class="method-content">
                  <a name="chkElementsStatus(Delivered)">
                  </a> <!-- chkElementsStatus(Delivered) -->
                  <span class="method-name">chkElementsStatus</span>
                  <span class="parameters">(Delivered)</span>
                </div> <!-- method-content -->
              </div> <!-- method -->
              <div class="method">
                <div class="method-content">
                  <a name="chkElementsStatus(Select)">
                  </a> <!-- chkElementsStatus(Select) -->
                  <span class="method-name">chkElementsStatus</span>
                  <span class="parameters">(Select)</span>
                </div> <!-- method-content -->
              </div> <!-- method -->
              <div class="method">
                <div class="method-content">
                  <a name="chkSrchByPaymentMode">
                  </a> <!-- chkSrchByPaymentMode -->
                  <span class="method-name">chkSrchByPaymentMode</span>
                </div> <!-- method-content -->
              </div> <!-- method -->
            </div> <!-- main-panel-content rounded-window-bottom -->
          </div> <!-- suite-My_Testsuite2-class-passed -->
          <div class="suite-My_Testsuite2-class-passed">
            <div class="main-panel-header rounded-window-top">
              <img src="passed.png"/>
              <span class="class-name">testCases.MngDelvryBoyTestcase</span>
            </div> <!-- main-panel-header rounded-window-top -->
            <div class="main-panel-content rounded-window-bottom">
              <div class="method">
                <div class="method-content">
                  <a name="chkBgColor">
                  </a> <!-- chkBgColor -->
                  <span class="method-name">chkBgColor</span>
                </div> <!-- method-content -->
              </div> <!-- method -->
              <div class="method">
                <div class="method-content">
                  <a name="chkName">
                  </a> <!-- chkName -->
                  <span class="method-name">chkName</span>
                </div> <!-- method-content -->
              </div> <!-- method -->
              <div class="method">
                <div class="method-content">
                  <a name="chkToolTip">
                  </a> <!-- chkToolTip -->
                  <span class="method-name">chkToolTip</span>
                </div> <!-- method-content -->
              </div> <!-- method -->
            </div> <!-- main-panel-content rounded-window-bottom -->
          </div> <!-- suite-My_Testsuite2-class-passed -->
          <div class="suite-My_Testsuite2-class-passed">
            <div class="main-panel-header rounded-window-top">
              <img src="passed.png"/>
              <span class="class-name">testCases.MngExpenseTestcase</span>
            </div> <!-- main-panel-header rounded-window-top -->
            <div class="main-panel-content rounded-window-bottom">
              <div class="method">
                <div class="method-content">
                  <a name="chkCalendar">
                  </a> <!-- chkCalendar -->
                  <span class="method-name">chkCalendar</span>
                </div> <!-- method-content -->
              </div> <!-- method -->
            </div> <!-- main-panel-content rounded-window-bottom -->
          </div> <!-- suite-My_Testsuite2-class-passed -->
        </div> <!-- panel My_Testsuite2 -->
        <div panel-name="test-xml-My_Testsuite2" class="panel">
          <div class="main-panel-header rounded-window-top">
            <span class="header-content">C:\Users\sanal\eclipse-workspace\GroceryRepository-main.zip_expanded\GroceryRepository-main\GroceryStoreTestSuite.xml</span>
          </div> <!-- main-panel-header rounded-window-top -->
          <div class="main-panel-content rounded-window-bottom">
            <pre>
&lt;?xml version=&quot;1.0&quot; encoding=&quot;UTF-8&quot;?&gt;
&lt;!DOCTYPE suite SYSTEM &quot;https://testng.org/testng-1.0.dtd&quot;&gt;
&lt;suite name=&quot;My Testsuite2&quot; guice-stage=&quot;DEVELOPMENT&quot;&gt;
  &lt;test thread-count=&quot;5&quot; name=&quot;ChromeTest1&quot;&gt;
    &lt;parameter name=&quot;Browser&quot; value=&quot;chrome&quot;/&gt;
    &lt;classes&gt;
      &lt;class name=&quot;testCases.DashBoardTestCase&quot;/&gt;
      &lt;class name=&quot;testCases.LoginTestcase&quot;/&gt;
      &lt;class name=&quot;testCases.MngLocationTestcase&quot;/&gt;
      &lt;class name=&quot;testCases.MngDelvryBoyTestcase&quot;/&gt;
      &lt;class name=&quot;testCases.MngExpenseTestcase&quot;/&gt;
      &lt;class name=&quot;testCases.MngOfferCodeTestcase&quot;/&gt;
      &lt;class name=&quot;testCases.MngOrdersTestcase&quot;/&gt;
      &lt;class name=&quot;testCases.MobSliderTestcase&quot;/&gt;
      &lt;class name=&quot;testCases.PushNotificationTestcase&quot;/&gt;
    &lt;/classes&gt;
  &lt;/test&gt; &lt;!-- ChromeTest1 --&gt;
&lt;/suite&gt; &lt;!-- My Testsuite2 --&gt;
            </pre>
          </div> <!-- main-panel-content rounded-window-bottom -->
        </div> <!-- panel -->
        <div panel-name="testlist-My_Testsuite2" class="panel">
          <div class="main-panel-header rounded-window-top">
            <span class="header-content">Tests for My Testsuite2</span>
          </div> <!-- main-panel-header rounded-window-top -->
          <div class="main-panel-content rounded-window-bottom">
            <ul>
              <li>
                <span class="test-name">ChromeTest1 (9 classes)</span>
              </li>
            </ul>
          </div> <!-- main-panel-content rounded-window-bottom -->
        </div> <!-- panel -->
        <div panel-name="group-My_Testsuite2" class="panel">
          <div class="main-panel-header rounded-window-top">
            <span class="header-content">Groups for My Testsuite2</span>
          </div> <!-- main-panel-header rounded-window-top -->
          <div class="main-panel-content rounded-window-bottom">
            <div class="test-group">
              <span class="test-group-name">SmokeTest</span>
              <br/>
              <div class="method-in-group">
                <span class="method-in-group-name">checkProfileName</span>
                <br/>
              </div> <!-- method-in-group -->
              <div class="method-in-group">
                <span class="method-in-group-name">verifyLoggedUsers1</span>
                <br/>
              </div> <!-- method-in-group -->
            </div> <!-- test-group -->
          </div> <!-- main-panel-content rounded-window-bottom -->
        </div> <!-- panel -->
        <div panel-name="times-My_Testsuite2" class="panel">
          <div class="main-panel-header rounded-window-top">
            <span class="header-content">Times for My Testsuite2</span>
          </div> <!-- main-panel-header rounded-window-top -->
          <div class="main-panel-content rounded-window-bottom">
            <div class="times-div">
              <script type="text/javascript">
suiteTableInitFunctions.push('tableData_My_Testsuite2');
function tableData_My_Testsuite2() {
var data = new google.visualization.DataTable();
data.addColumn('number', 'Number');
data.addColumn('string', 'Method');
data.addColumn('string', 'Class');
data.addColumn('number', 'Time (ms)');
data.addRows(28);
data.setCell(0, 0, 0)
data.setCell(0, 1, 'chkFileUpload')
data.setCell(0, 2, 'testCases.MngExpenseTestcase')
data.setCell(0, 3, 14692);
data.setCell(1, 0, 1)
data.setCell(1, 1, 'chkElementsStatus')
data.setCell(1, 2, 'testCases.MngOrdersTestcase')
data.setCell(1, 3, 12236);
data.setCell(2, 0, 2)
data.setCell(2, 1, 'chkStateselected')
data.setCell(2, 2, 'testCases.MngLocationTestcase')
data.setCell(2, 3, 6449);
data.setCell(3, 0, 3)
data.setCell(3, 1, 'chkBgColor')
data.setCell(3, 2, 'testCases.MngDelvryBoyTestcase')
data.setCell(3, 3, 4860);
data.setCell(4, 0, 4)
data.setCell(4, 1, 'chkAddOffer')
data.setCell(4, 2, 'testCases.MngOfferCodeTestcase')
data.setCell(4, 3, 4376);
data.setCell(5, 0, 5)
data.setCell(5, 1, 'chkImagePresent')
data.setCell(5, 2, 'testCases.MobSliderTestcase')
data.setCell(5, 3, 4258);
data.setCell(6, 0, 6)
data.setCell(6, 1, 'chkElementsStatus')
data.setCell(6, 2, 'testCases.MngOrdersTestcase')
data.setCell(6, 3, 3506);
data.setCell(7, 0, 7)
data.setCell(7, 1, 'chkSrchByPaymentMode')
data.setCell(7, 2, 'testCases.MngOrdersTestcase')
data.setCell(7, 3, 3430);
data.setCell(8, 0, 8)
data.setCell(8, 1, 'chkElementsStatus')
data.setCell(8, 2, 'testCases.MngOrdersTestcase')
data.setCell(8, 3, 2871);
data.setCell(9, 0, 9)
data.setCell(9, 1, 'chkName')
data.setCell(9, 2, 'testCases.MngDelvryBoyTestcase')
data.setCell(9, 3, 2601);
data.setCell(10, 0, 10)
data.setCell(10, 1, 'verifyLoggedUsers')
data.setCell(10, 2, 'testCases.LoginTestcase')
data.setCell(10, 3, 1996);
data.setCell(11, 0, 11)
data.setCell(11, 1, 'chkToolTip')
data.setCell(11, 2, 'testCases.MngDelvryBoyTestcase')
data.setCell(11, 3, 1937);
data.setCell(12, 0, 12)
data.setCell(12, 1, 'chkStatus')
data.setCell(12, 2, 'testCases.MngLocationTestcase')
data.setCell(12, 3, 1910);
data.setCell(13, 0, 13)
data.setCell(13, 1, 'getDelCharge')
data.setCell(13, 2, 'testCases.MngLocationTestcase')
data.setCell(13, 3, 1878);
data.setCell(14, 0, 14)
data.setCell(14, 1, 'getBgColor')
data.setCell(14, 2, 'testCases.MngLocationTestcase')
data.setCell(14, 3, 1858);
data.setCell(15, 0, 15)
data.setCell(15, 1, 'checkColorHomeBtn')
data.setCell(15, 2, 'testCases.DashBoardTestCase')
data.setCell(15, 3, 1623);
data.setCell(16, 0, 16)
data.setCell(16, 1, 'checkEnableBar')
data.setCell(16, 2, 'testCases.DashBoardTestCase')
data.setCell(16, 3, 1554);
data.setCell(17, 0, 17)
data.setCell(17, 1, 'checkProfileName')
data.setCell(17, 2, 'testCases.DashBoardTestCase')
data.setCell(17, 3, 1453);
data.setCell(18, 0, 18)
data.setCell(18, 1, 'chkUrlPage')
data.setCell(18, 2, 'testCases.MngOfferCodeTestcase')
data.setCell(18, 3, 1436);
data.setCell(19, 0, 19)
data.setCell(19, 1, 'verifyCheckBox')
data.setCell(19, 2, 'testCases.LoginTestcase')
data.setCell(19, 3, 23);
data.setCell(20, 0, 20)
data.setCell(20, 1, 'verifyLoggedUsers1')
data.setCell(20, 2, 'testCases.LoginTestcase')
data.setCell(20, 3, 21);
data.setCell(21, 0, 21)
data.setCell(21, 1, 'chkCalendar')
data.setCell(21, 2, 'testCases.MngExpenseTestcase')
data.setCell(21, 3, 0);
data.setCell(22, 0, 22)
data.setCell(22, 1, 'chkbgcolor')
data.setCell(22, 2, 'testCases.MobSliderTestcase')
data.setCell(22, 3, 0);
data.setCell(23, 0, 23)
data.setCell(23, 1, 'chkTitle')
data.setCell(23, 2, 'testCases.MobSliderTestcase')
data.setCell(23, 3, 0);
data.setCell(24, 0, 24)
data.setCell(24, 1, 'chkText')
data.setCell(24, 2, 'testCases.PushNotificationTestcase')
data.setCell(24, 3, 0);
data.setCell(25, 0, 25)
data.setCell(25, 1, 'chkMsg')
data.setCell(25, 2, 'testCases.PushNotificationTestcase')
data.setCell(25, 3, 0);
data.setCell(26, 0, 26)
data.setCell(26, 1, 'chkStatus')
data.setCell(26, 2, 'testCases.MobSliderTestcase')
data.setCell(26, 3, 0);
data.setCell(27, 0, 27)
data.setCell(27, 1, 'chkBgColor')
data.setCell(27, 2, 'testCases.PushNotificationTestcase')
data.setCell(27, 3, 0);
window.suiteTableData['My_Testsuite2']= { tableData: data, tableDiv: 'times-div-My_Testsuite2'}
return data;
}
              </script>
              <span class="suite-total-time">Total running time: 1 minutes</span>
              <div id="times-div-My_Testsuite2">
              </div> <!-- times-div-My_Testsuite2 -->
            </div> <!-- times-div -->
          </div> <!-- main-panel-content rounded-window-bottom -->
        </div> <!-- panel -->
        <div panel-name="reporter-My_Testsuite2" class="panel">
          <div class="main-panel-header rounded-window-top">
            <span class="header-content">Reporter output for My Testsuite2</span>
          </div> <!-- main-panel-header rounded-window-top -->
          <div class="main-panel-content rounded-window-bottom">
          </div> <!-- main-panel-content rounded-window-bottom -->
        </div> <!-- panel -->
        <div panel-name="ignored-methods-My_Testsuite2" class="panel">
          <div class="main-panel-header rounded-window-top">
            <span class="header-content">0 ignored methods</span>
          </div> <!-- main-panel-header rounded-window-top -->
          <div class="main-panel-content rounded-window-bottom">
          </div> <!-- main-panel-content rounded-window-bottom -->
        </div> <!-- panel -->
        <div panel-name="chronological-My_Testsuite2" class="panel">
          <div class="main-panel-header rounded-window-top">
            <span class="header-content">Methods in chronological order</span>
          </div> <!-- main-panel-header rounded-window-top -->
          <div class="main-panel-content rounded-window-bottom">
            <div class="chronological-class">
              <div class="chronological-class-name">testCases.DashBoardTestCase</div> <!-- chronological-class-name -->
              <div class="configuration-method before">
                <span class="method-name">beforemethod(chrome)</span>
                <span class="method-start">0 ms</span>
              </div> <!-- configuration-method before -->
              <div class="test-method">
                <span class="method-name">checkColorHomeBtn</span>
                <span class="method-start">6817 ms</span>
              </div> <!-- test-method -->
              <div class="configuration-method after">
                <span class="method-name">aftermethod([TestResult name=checkColorHomeBtn status=SUCCESS method=DashBoardTestCase.checkColorHomeBtn()[pri:0...)</span>
                <span class="method-start">8442 ms</span>
              </div> <!-- configuration-method after -->
              <div class="configuration-method before">
                <span class="method-name">beforemethod(chrome)</span>
                <span class="method-start">24695 ms</span>
              </div> <!-- configuration-method before -->
              <div class="test-method">
                <span class="method-name">checkEnableBar</span>
                <span class="method-start">30682 ms</span>
              </div> <!-- test-method -->
              <div class="configuration-method after">
                <span class="method-name">aftermethod([TestResult name=checkEnableBar status=SUCCESS method=DashBoardTestCase.checkEnableBar()[pri:0, inst...)</span>
                <span class="method-start">32236 ms</span>
              </div> <!-- configuration-method after -->
              <div class="configuration-method before">
                <span class="method-name">beforemethod(chrome)</span>
                <span class="method-start">48522 ms</span>
              </div> <!-- configuration-method before -->
              <div class="test-method">
                <span class="method-name">checkProfileName</span>
                <span class="method-start">54233 ms</span>
              </div> <!-- test-method -->
              <div class="configuration-method after">
                <span class="method-name">aftermethod([TestResult name=checkProfileName status=SUCCESS method=DashBoardTestCase.checkProfileName()[pri:0, ...)</span>
                <span class="method-start">55687 ms</span>
              </div> <!-- configuration-method after -->
            </div> <!-- chronological-class -->
            <div class="chronological-class">
              <div class="chronological-class-name">testCases.LoginTestcase</div> <!-- chronological-class-name -->
              <div class="configuration-method before">
                <span class="method-name">beforemethod(chrome)</span>
                <span class="method-start">71924 ms</span>
              </div> <!-- configuration-method before -->
              <div class="test-method">
                <span class="method-name">verifyCheckBox</span>
                <span class="method-start">77748 ms</span>
              </div> <!-- test-method -->
              <div class="configuration-method after">
                <span class="method-name">aftermethod([TestResult name=verifyCheckBox status=SUCCESS method=LoginTestcase.verifyCheckBox()[pri:0, instance...)</span>
                <span class="method-start">77772 ms</span>
              </div> <!-- configuration-method after -->
              <div class="configuration-method before">
                <span class="method-name">beforemethod(chrome)</span>
                <span class="method-start">94029 ms</span>
              </div> <!-- configuration-method before -->
              <div class="test-method">
                <span class="method-name">verifyLoggedUsers</span>
                <span class="method-start">99761 ms</span>
              </div> <!-- test-method -->
              <div class="configuration-method after">
                <span class="method-name">aftermethod([TestResult name=verifyLoggedUsers status=SUCCESS method=LoginTestcase.verifyLoggedUsers()[pri:0, in...)</span>
                <span class="method-start">101758 ms</span>
              </div> <!-- configuration-method after -->
              <div class="configuration-method before">
                <span class="method-name">beforemethod(chrome)</span>
                <span class="method-start">117992 ms</span>
              </div> <!-- configuration-method before -->
              <div class="test-method">
                <span class="method-name">verifyLoggedUsers1</span>
                <span class="method-start">123673 ms</span>
              </div> <!-- test-method -->
              <div class="configuration-method after">
                <span class="method-name">aftermethod([TestResult name=verifyLoggedUsers1 status=SUCCESS method=LoginTestcase.verifyLoggedUsers1()[pri:0, ...)</span>
                <span class="method-start">123695 ms</span>
              </div> <!-- configuration-method after -->
            </div> <!-- chronological-class -->
            <div class="chronological-class">
              <div class="chronological-class-name">testCases.MngLocationTestcase</div> <!-- chronological-class-name -->
              <div class="configuration-method before">
                <span class="method-name">beforemethod(chrome)</span>
                <span class="method-start">139959 ms</span>
              </div> <!-- configuration-method before -->
              <div class="test-method">
                <span class="method-name">chkStateselected</span>
                <span class="method-start">145681 ms</span>
              </div> <!-- test-method -->
              <div class="configuration-method after">
                <span class="method-name">aftermethod([TestResult name=chkStateselected status=SUCCESS method=MngLocationTestcase.chkStateselected()[pri:0...)</span>
                <span class="method-start">152131 ms</span>
              </div> <!-- configuration-method after -->
              <div class="configuration-method before">
                <span class="method-name">beforemethod(chrome)</span>
                <span class="method-start">168370 ms</span>
              </div> <!-- configuration-method before -->
              <div class="test-method">
                <span class="method-name">chkStatus</span>
                <span class="method-start">174053 ms</span>
              </div> <!-- test-method -->
              <div class="configuration-method after">
                <span class="method-name">aftermethod([TestResult name=chkStatus status=SUCCESS method=MngLocationTestcase.chkStatus()[pri:0, instance:tes...)</span>
                <span class="method-start">175963 ms</span>
              </div> <!-- configuration-method after -->
              <div class="configuration-method before">
                <span class="method-name">beforemethod(chrome)</span>
                <span class="method-start">192227 ms</span>
              </div> <!-- configuration-method before -->
              <div class="test-method">
                <img src="failed.png">
                </img>
                <span class="method-name">getBgColor</span>
                <span class="method-start">197943 ms</span>
              </div> <!-- test-method -->
              <div class="configuration-method after">
                <span class="method-name">aftermethod([TestResult name=getBgColor status=FAILURE method=MngLocationTestcase.getBgColor()[pri:0, instance:t...)</span>
                <span class="method-start">199803 ms</span>
              </div> <!-- configuration-method after -->
              <div class="configuration-method before">
                <span class="method-name">beforemethod(chrome)</span>
                <span class="method-start">216274 ms</span>
              </div> <!-- configuration-method before -->
              <div class="test-method">
                <span class="method-name">getDelCharge</span>
                <span class="method-start">221942 ms</span>
              </div> <!-- test-method -->
              <div class="configuration-method after">
                <span class="method-name">aftermethod([TestResult name=getDelCharge status=SUCCESS method=MngLocationTestcase.getDelCharge()[pri:0, instan...)</span>
                <span class="method-start">223821 ms</span>
              </div> <!-- configuration-method after -->
            </div> <!-- chronological-class -->
            <div class="chronological-class">
              <div class="chronological-class-name">testCases.MngDelvryBoyTestcase</div> <!-- chronological-class-name -->
              <div class="configuration-method before">
                <span class="method-name">beforemethod(chrome)</span>
                <span class="method-start">240098 ms</span>
              </div> <!-- configuration-method before -->
              <div class="test-method">
                <span class="method-name">chkBgColor</span>
                <span class="method-start">245828 ms</span>
              </div> <!-- test-method -->
              <div class="configuration-method after">
                <span class="method-name">aftermethod([TestResult name=chkBgColor status=SUCCESS method=MngDelvryBoyTestcase.chkBgColor()[pri:0, instance:...)</span>
                <span class="method-start">250689 ms</span>
              </div> <!-- configuration-method after -->
              <div class="configuration-method before">
                <span class="method-name">beforemethod(chrome)</span>
                <span class="method-start">266881 ms</span>
              </div> <!-- configuration-method before -->
              <div class="test-method">
                <span class="method-name">chkName</span>
                <span class="method-start">272578 ms</span>
              </div> <!-- test-method -->
              <div class="configuration-method after">
                <span class="method-name">aftermethod([TestResult name=chkName status=SUCCESS method=MngDelvryBoyTestcase.chkName()[pri:0, instance:testCa...)</span>
                <span class="method-start">275180 ms</span>
              </div> <!-- configuration-method after -->
              <div class="configuration-method before">
                <span class="method-name">beforemethod(chrome)</span>
                <span class="method-start">291423 ms</span>
              </div> <!-- configuration-method before -->
              <div class="test-method">
                <span class="method-name">chkToolTip</span>
                <span class="method-start">297127 ms</span>
              </div> <!-- test-method -->
              <div class="configuration-method after">
                <span class="method-name">aftermethod([TestResult name=chkToolTip status=SUCCESS method=MngDelvryBoyTestcase.chkToolTip()[pri:0, instance:...)</span>
                <span class="method-start">299065 ms</span>
              </div> <!-- configuration-method after -->
            </div> <!-- chronological-class -->
            <div class="chronological-class">
              <div class="chronological-class-name">testCases.MngExpenseTestcase</div> <!-- chronological-class-name -->
              <div class="configuration-method before">
                <span class="method-name">beforemethod(chrome)</span>
                <span class="method-start">315281 ms</span>
              </div> <!-- configuration-method before -->
              <div class="test-method">
                <span class="method-name">chkCalendar</span>
                <span class="method-start">320955 ms</span>
              </div> <!-- test-method -->
              <div class="configuration-method after">
                <span class="method-name">aftermethod([TestResult name=chkCalendar status=SUCCESS method=MngExpenseTestcase.chkCalendar()[pri:0, instance:...)</span>
                <span class="method-start">320955 ms</span>
              </div> <!-- configuration-method after -->
              <div class="configuration-method before">
                <span class="method-name">beforemethod(chrome)</span>
                <span class="method-start">337202 ms</span>
              </div> <!-- configuration-method before -->
              <div class="test-method">
                <img src="failed.png">
                </img>
                <span class="method-name">chkFileUpload</span>
                <span class="method-start">342920 ms</span>
              </div> <!-- test-method -->
              <div class="configuration-method after">
                <span class="method-name">aftermethod([TestResult name=chkFileUpload status=FAILURE method=MngExpenseTestcase.chkFileUpload()[pri:0, insta...)</span>
                <span class="method-start">357614 ms</span>
              </div> <!-- configuration-method after -->
            </div> <!-- chronological-class -->
            <div class="chronological-class">
              <div class="chronological-class-name">testCases.MngOfferCodeTestcase</div> <!-- chronological-class-name -->
              <div class="configuration-method before">
                <span class="method-name">beforemethod(chrome)</span>
                <span class="method-start">374001 ms</span>
              </div> <!-- configuration-method before -->
              <div class="test-method">
                <img src="failed.png">
                </img>
                <span class="method-name">chkAddOffer</span>
                <span class="method-start">379688 ms</span>
              </div> <!-- test-method -->
              <div class="configuration-method after">
                <span class="method-name">aftermethod([TestResult name=chkAddOffer status=FAILURE method=MngOfferCodeTestcase.chkAddOffer()[pri:0, instanc...)</span>
                <span class="method-start">384067 ms</span>
              </div> <!-- configuration-method after -->
              <div class="configuration-method before">
                <span class="method-name">beforemethod(chrome)</span>
                <span class="method-start">400436 ms</span>
              </div> <!-- configuration-method before -->
              <div class="test-method">
                <span class="method-name">chkUrlPage</span>
                <span class="method-start">406163 ms</span>
              </div> <!-- test-method -->
              <div class="configuration-method after">
                <span class="method-name">aftermethod([TestResult name=chkUrlPage status=SUCCESS method=MngOfferCodeTestcase.chkUrlPage()[pri:0, instance:...)</span>
                <span class="method-start">407599 ms</span>
              </div> <!-- configuration-method after -->
            </div> <!-- chronological-class -->
            <div class="chronological-class">
              <div class="chronological-class-name">testCases.MngOrdersTestcase</div> <!-- chronological-class-name -->
              <div class="configuration-method before">
                <span class="method-name">beforemethod(chrome)</span>
                <span class="method-start">423845 ms</span>
              </div> <!-- configuration-method before -->
              <div class="test-method">
                <span class="method-name">chkElementsStatus(Select)</span>
                <span class="method-start">429541 ms</span>
              </div> <!-- test-method -->
              <div class="configuration-method after">
                <span class="method-name">aftermethod([TestResult name=chkElementsStatus status=SUCCESS method=MngOrdersTestcase.chkElementsStatus(java.la...)</span>
                <span class="method-start">433048 ms</span>
              </div> <!-- configuration-method after -->
              <div class="configuration-method before">
                <span class="method-name">beforemethod(chrome)</span>
                <span class="method-start">433206 ms</span>
              </div> <!-- configuration-method before -->
              <div class="test-method">
                <img src="failed.png">
                </img>
                <span class="method-name">chkElementsStatus(Paid2)</span>
                <span class="method-start">440057 ms</span>
              </div> <!-- test-method -->
              <div class="configuration-method after">
                <span class="method-name">aftermethod([TestResult name=chkElementsStatus status=FAILURE method=MngOrdersTestcase.chkElementsStatus(java.la...)</span>
                <span class="method-start">452295 ms</span>
              </div> <!-- configuration-method after -->
              <div class="configuration-method before">
                <span class="method-name">beforemethod(chrome)</span>
                <span class="method-start">468695 ms</span>
              </div> <!-- configuration-method before -->
              <div class="test-method">
                <span class="method-name">chkElementsStatus(Delivered)</span>
                <span class="method-start">474371 ms</span>
              </div> <!-- test-method -->
              <div class="configuration-method after">
                <span class="method-name">aftermethod([TestResult name=chkElementsStatus status=SUCCESS method=MngOrdersTestcase.chkElementsStatus(java.la...)</span>
                <span class="method-start">477242 ms</span>
              </div> <!-- configuration-method after -->
              <div class="configuration-method before">
                <span class="method-name">beforemethod(chrome)</span>
                <span class="method-start">493477 ms</span>
              </div> <!-- configuration-method before -->
              <div class="test-method">
                <span class="method-name">chkSrchByPaymentMode</span>
                <span class="method-start">499321 ms</span>
              </div> <!-- test-method -->
              <div class="configuration-method after">
                <span class="method-name">aftermethod([TestResult name=chkSrchByPaymentMode status=SUCCESS method=MngOrdersTestcase.chkSrchByPaymentMode()...)</span>
                <span class="method-start">502752 ms</span>
              </div> <!-- configuration-method after -->
            </div> <!-- chronological-class -->
            <div class="chronological-class">
              <div class="chronological-class-name">testCases.MobSliderTestcase</div> <!-- chronological-class-name -->
              <div class="configuration-method before">
                <span class="method-name">beforemethod(chrome)</span>
                <span class="method-start">519001 ms</span>
              </div> <!-- configuration-method before -->
              <div class="test-method">
                <img src="failed.png">
                </img>
                <span class="method-name">chkImagePresent</span>
                <span class="method-start">524665 ms</span>
              </div> <!-- test-method -->
              <div class="configuration-method after">
                <span class="method-name">aftermethod([TestResult name=chkImagePresent status=FAILURE method=MobSliderTestcase.chkImagePresent()[pri:0, in...)</span>
                <span class="method-start">528924 ms</span>
              </div> <!-- configuration-method after -->
              <div class="configuration-method before">
                <img src="failed.png">
                </img>
                <span class="method-name">beforemethod(chrome)</span>
                <span class="method-start">545540 ms</span>
              </div> <!-- configuration-method before -->
              <div class="test-method">
                <span class="method-name">chkStatus</span>
                <span class="method-start">548082 ms</span>
              </div> <!-- test-method -->
              <div class="configuration-method after">
                <span class="method-name">aftermethod</span>
                <span class="method-start">548088 ms</span>
              </div> <!-- configuration-method after -->
              <div class="configuration-method before">
                <img src="failed.png">
                </img>
                <span class="method-name">beforemethod(chrome)</span>
                <span class="method-start">548091 ms</span>
              </div> <!-- configuration-method before -->
              <div class="test-method">
                <span class="method-name">chkTitle</span>
                <span class="method-start">550548 ms</span>
              </div> <!-- test-method -->
              <div class="configuration-method after">
                <span class="method-name">aftermethod</span>
                <span class="method-start">550552 ms</span>
              </div> <!-- configuration-method after -->
              <div class="configuration-method before">
                <span class="method-name">beforemethod(chrome)</span>
                <span class="method-start">550555 ms</span>
              </div> <!-- configuration-method before -->
              <div class="test-method">
                <span class="method-name">chkbgcolor</span>
                <span class="method-start">556273 ms</span>
              </div> <!-- test-method -->
              <div class="configuration-method after">
                <span class="method-name">aftermethod</span>
                <span class="method-start">556274 ms</span>
              </div> <!-- configuration-method after -->
            </div> <!-- chronological-class -->
            <div class="chronological-class">
              <div class="chronological-class-name">testCases.PushNotificationTestcase</div> <!-- chronological-class-name -->
              <div class="configuration-method before">
                <img src="failed.png">
                </img>
                <span class="method-name">beforemethod(chrome)</span>
                <span class="method-start">556274 ms</span>
              </div> <!-- configuration-method before -->
              <div class="test-method">
                <span class="method-name">chkBgColor</span>
                <span class="method-start">578120 ms</span>
              </div> <!-- test-method -->
              <div class="configuration-method after">
                <span class="method-name">aftermethod</span>
                <span class="method-start">578122 ms</span>
              </div> <!-- configuration-method after -->
              <div class="configuration-method before">
                <span class="method-name">beforemethod(chrome)</span>
                <span class="method-start">578122 ms</span>
              </div> <!-- configuration-method before -->
              <div class="test-method">
                <span class="method-name">chkMsg</span>
                <span class="method-start">583822 ms</span>
              </div> <!-- test-method -->
              <div class="configuration-method after">
                <span class="method-name">aftermethod</span>
                <span class="method-start">583824 ms</span>
              </div> <!-- configuration-method after -->
              <div class="configuration-method before">
                <img src="failed.png">
                </img>
                <span class="method-name">beforemethod(chrome)</span>
                <span class="method-start">583824 ms</span>
              </div> <!-- configuration-method before -->
              <div class="test-method">
                <span class="method-name">chkText</span>
                <span class="method-start">586131 ms</span>
              </div> <!-- test-method -->
              <div class="configuration-method after">
                <span class="method-name">aftermethod</span>
                <span class="method-start">586137 ms</span>
              </div> <!-- configuration-method after -->
          </div> <!-- main-panel-content rounded-window-bottom -->
        </div> <!-- panel -->
      </div> <!-- main-panel-root -->
    </div> <!-- wrapper -->
  </body>
<script type="text/javascript" src="testng-reports2.js"></script>
</html>
