<?xml version="1.0" encoding="UTF-8"?>
<!-- Generated by org.testng.reporters.JUnitXMLReporter -->
<testsuite ignored="1" hostname="DESKTOP-0ILCENT" failures="1" tests="3" name="ChromeTest" time="42.764" errors="0" timestamp="2022-11-09T12:23:59 GST">
  <testcase classname="testCases.MngOrdersTestcase" name="chkElementsStatus" time="13.024">
    <failure type="org.openqa.selenium.NoSuchElementException" message="Cannot locate option with text: Select1
For documentation on this error, please visit: https://selenium.dev/exceptions/#no_such_element
Build info: version: &amp;apos;4.4.0&amp;apos;, revision: &amp;apos;e5c75ed026a&amp;apos;
System info: host: &amp;apos;DESKTOP-0ILCENT&amp;apos;, ip: &amp;apos;192.168.100.14&amp;apos;, os.name: &amp;apos;Windows 11&amp;apos;, os.arch: &amp;apos;amd64&amp;apos;, os.version: &amp;apos;10.0&amp;apos;, java.version: &amp;apos;17.0.3&amp;apos;
Driver info: driver.version: unknown">
      <![CDATA[org.openqa.selenium.NoSuchElementException: Cannot locate option with text: Select1
For documentation on this error, please visit: https://selenium.dev/exceptions/#no_such_element
Build info: version: '4.4.0', revision: 'e5c75ed026a'
System info: host: 'DESKTOP-0ILCENT', ip: '192.168.100.14', os.name: 'Windows 11', os.arch: 'amd64', os.version: '10.0', java.version: '17.0.3'
Driver info: driver.version: unknown
at org.openqa.selenium.support.ui.Select.selectByVisibleText(Select.java:151)
at utilities.GeneralUtilities.selectFuncbyVisibletext(GeneralUtilities.java:64)
at elementRepository.MngOrdersRepo.compStringToStrList(MngOrdersRepo.java:81)
at testCases.MngOrdersTestcase.chkElementsStatus(MngOrdersTestcase.java:41)
at java.base/java.util.ArrayList.forEach(ArrayList.java:1511)
... Removed 27 stack frames]]>
    </failure>
  </testcase> <!-- chkElementsStatus -->
  <testcase classname="testCases.MngOrdersTestcase" name="chkElementsStatus" time="3.022"/>
  <testcase classname="testCases.MngOrdersTestcase" name="chkElementsStatus" time="3.023"/>
  <testcase classname="testCases.MngOrdersTestcase" name="chkSrchByPaymentMode" time="0.0">
    <ignored/>
  </testcase> <!-- chkSrchByPaymentMode -->
</testsuite> <!-- ChromeTest -->
