<?xml version="1.0" encoding="UTF-8"?>
<!-- Generated by org.testng.reporters.JUnitXMLReporter -->
<testsuite ignored="0" hostname="DESKTOP-0ILCENT" failures="0" tests="6" name="EdgeTest" time="0.047" errors="0" timestamp="2022-10-19T22:12:31 GST">
  <testcase classname="testCases.BaseClass" name="@BeforeMethod beforemethod" time="0.0">
    <failure type="java.lang.NullPointerException" message="Cannot invoke &amp;quot;org.openqa.selenium.WebDriver.get(String)&amp;quot; because &amp;quot;this.driver&amp;quot; is null">
      <![CDATA[java.lang.NullPointerException: Cannot invoke "org.openqa.selenium.WebDriver.get(String)" because "this.driver" is null
at testCases.BaseClass.beforemethod(BaseClass.java:49)
at java.base/java.util.ArrayList.forEach(ArrayList.java:1511)
... Removed 31 stack frames]]>
    </failure>
  </testcase> <!-- @BeforeMethod beforemethod -->
  <testcase classname="testCases.BaseClass" name="@AfterMethod aftermethod" time="-1.666203150977E9">
    <skipped/>
  </testcase> <!-- @AfterMethod aftermethod -->
  <testcase classname="testCases.BaseClass" name="@BeforeMethod beforemethod" time="-1.666203150977E9">
    <skipped/>
  </testcase> <!-- @BeforeMethod beforemethod -->
  <testcase classname="testCases.BaseClass" name="@AfterMethod aftermethod" time="-1.666203150977E9">
    <skipped/>
  </testcase> <!-- @AfterMethod aftermethod -->
  <testcase classname="testCases.BaseClass" name="@BeforeMethod beforemethod" time="-1.666203150993E9">
    <skipped/>
  </testcase> <!-- @BeforeMethod beforemethod -->
  <testcase classname="testCases.BaseClass" name="@AfterMethod aftermethod" time="-1.666203150993E9">
    <skipped/>
  </testcase> <!-- @AfterMethod aftermethod -->
  <testcase classname="testCases.BaseClass" name="@BeforeMethod beforemethod" time="0.0">
    <failure type="java.lang.NullPointerException" message="Cannot invoke &amp;quot;org.openqa.selenium.WebDriver.get(String)&amp;quot; because &amp;quot;this.driver&amp;quot; is null">
      <![CDATA[java.lang.NullPointerException: Cannot invoke "org.openqa.selenium.WebDriver.get(String)" because "this.driver" is null
at testCases.BaseClass.beforemethod(BaseClass.java:49)
at java.base/java.util.ArrayList.forEach(ArrayList.java:1511)
... Removed 31 stack frames]]>
    </failure>
  </testcase> <!-- @BeforeMethod beforemethod -->
  <testcase classname="testCases.BaseClass" name="@AfterMethod aftermethod" time="-1.666203150993E9">
    <skipped/>
  </testcase> <!-- @AfterMethod aftermethod -->
  <testcase classname="testCases.BaseClass" name="@BeforeMethod beforemethod" time="-1.666203151008E9">
    <skipped/>
  </testcase> <!-- @BeforeMethod beforemethod -->
  <testcase classname="testCases.BaseClass" name="@AfterMethod aftermethod" time="-1.666203151008E9">
    <skipped/>
  </testcase> <!-- @AfterMethod aftermethod -->
  <testcase classname="testCases.BaseClass" name="@BeforeMethod beforemethod" time="-1.666203151008E9">
    <skipped/>
  </testcase> <!-- @BeforeMethod beforemethod -->
  <testcase classname="testCases.BaseClass" name="@AfterMethod aftermethod" time="-1.666203151008E9">
    <skipped/>
  </testcase> <!-- @AfterMethod aftermethod -->
  <testcase classname="testCases.LoginTestcase" name="verifyCheckBox" time="0.0">
    <skipped/>
  </testcase> <!-- verifyCheckBox -->
  <testcase classname="testCases.LoginTestcase" name="verifyLoggedUsers" time="0.0">
    <skipped/>
  </testcase> <!-- verifyLoggedUsers -->
  <testcase classname="testCases.LoginTestcase" name="verifyLoggedUsers1" time="0.0">
    <skipped/>
  </testcase> <!-- verifyLoggedUsers1 -->
  <testcase classname="testCases.DashBoardTestCase" name="checkColorHomeBtn" time="0.0">
    <skipped/>
  </testcase> <!-- checkColorHomeBtn -->
  <testcase classname="testCases.DashBoardTestCase" name="checkEnableBar" time="0.0">
    <skipped/>
  </testcase> <!-- checkEnableBar -->
  <testcase classname="testCases.DashBoardTestCase" name="checkProfileName" time="0.0">
    <skipped/>
  </testcase> <!-- checkProfileName -->
</testsuite> <!-- EdgeTest -->
